{"C:\\Users\\JOJO\\AndroidStudioProjects\\PersonalAIBot\\mt5-core-server\\src\\routes\\auth.ts": {"path":"C:\\Users\\JOJO\\AndroidStudioProjects\\PersonalAIBot\\mt5-core-server\\src\\routes\\auth.ts","statementMap":{"0":{"start":{"line":19,"column":6},"end":{"line":19,"column":23}},"1":{"start":{"line":20,"column":6},"end":{"line":20,"column":18}},"2":{"start":{"line":23,"column":12},"end":{"line":23,"column":44}},"3":{"start":{"line":24,"column":2},"end":{"line":24,"column":null}},"4":{"start":{"line":24,"column":19},"end":{"line":24,"column":null}},"5":{"start":{"line":25,"column":2},"end":{"line":25,"column":null}},"6":{"start":{"line":25,"column":20},"end":{"line":25,"column":null}},"7":{"start":{"line":26,"column":2},"end":{"line":26,"column":null}},"8":{"start":{"line":26,"column":20},"end":{"line":26,"column":null}},"9":{"start":{"line":27,"column":2},"end":{"line":27,"column":null}},"10":{"start":{"line":31,"column":36},"end":{"line":42,"column":null}},"11":{"start":{"line":43,"column":14},"end":{"line":43,"column":50}},"12":{"start":{"line":44,"column":2},"end":{"line":44,"column":null}},"13":{"start":{"line":48,"column":36},"end":{"line":55,"column":null}},"14":{"start":{"line":56,"column":14},"end":{"line":56,"column":48}},"15":{"start":{"line":57,"column":2},"end":{"line":57,"column":null}},"16":{"start":{"line":61,"column":36},"end":{"line":68,"column":null}},"17":{"start":{"line":69,"column":14},"end":{"line":69,"column":49}},"18":{"start":{"line":70,"column":2},"end":{"line":70,"column":null}},"19":{"start":{"line":74,"column":10},"end":{"line":74,"column":29}},"20":{"start":{"line":75,"column":41},"end":{"line":98,"column":null}},"21":{"start":{"line":99,"column":2},"end":{"line":99,"column":null}},"22":{"start":{"line":99,"column":46},"end":{"line":99,"column":null}},"23":{"start":{"line":100,"column":2},"end":{"line":100,"column":null}},"24":{"start":{"line":104,"column":12},"end":{"line":104,"column":70}},"25":{"start":{"line":105,"column":2},"end":{"line":105,"column":null}},"26":{"start":{"line":105,"column":10},"end":{"line":105,"column":null}},"27":{"start":{"line":106,"column":12},"end":{"line":106,"column":24}},"28":{"start":{"line":107,"column":2},"end":{"line":107,"column":null}},"29":{"start":{"line":111,"column":2},"end":{"line":111,"column":null}},"30":{"start":{"line":111,"column":22},"end":{"line":111,"column":null}},"31":{"start":{"line":113,"column":17},"end":{"line":113,"column":40}},"32":{"start":{"line":114,"column":17},"end":{"line":114,"column":55}},"33":{"start":{"line":115,"column":15},"end":{"line":115,"column":29}},"34":{"start":{"line":116,"column":15},"end":{"line":116,"column":59}},"35":{"start":{"line":117,"column":19},"end":{"line":117,"column":53}},"36":{"start":{"line":118,"column":20},"end":{"line":118,"column":58}},"37":{"start":{"line":121,"column":2},"end":{"line":121,"column":null}},"38":{"start":{"line":125,"column":2},"end":{"line":125,"column":null}},"39":{"start":{"line":125,"column":24},"end":{"line":125,"column":null}},"40":{"start":{"line":127,"column":17},"end":{"line":127,"column":57}},"41":{"start":{"line":128,"column":17},"end":{"line":128,"column":42}},"42":{"start":{"line":129,"column":21},"end":{"line":129,"column":71}},"43":{"start":{"line":130,"column":20},"end":{"line":130,"column":66}},"44":{"start":{"line":132,"column":2},"end":{"line":134,"column":null}},"45":{"start":{"line":138,"column":2},"end":{"line":138,"column":null}},"46":{"start":{"line":142,"column":2},"end":{"line":142,"column":null}},"47":{"start":{"line":145,"column":26},"end":{"line":148,"column":2}},"48":{"start":{"line":150,"column":21},"end":{"line":152,"column":2}},"49":{"start":{"line":154,"column":26},"end":{"line":159,"column":2}},"50":{"start":{"line":161,"column":0},"end":{"line":172,"column":null}},"51":{"start":{"line":162,"column":17},"end":{"line":162,"column":null}},"52":{"start":{"line":163,"column":2},"end":{"line":171,"column":null}},"53":{"start":{"line":174,"column":0},"end":{"line":239,"column":null}},"54":{"start":{"line":175,"column":2},"end":{"line":237,"column":null}},"55":{"start":{"line":176,"column":20},"end":{"line":176,"column":59}},"56":{"start":{"line":177,"column":21},"end":{"line":177,"column":41}},"57":{"start":{"line":178,"column":22},"end":{"line":178,"column":41}},"58":{"start":{"line":179,"column":19},"end":{"line":179,"column":40}},"59":{"start":{"line":180,"column":21},"end":{"line":180,"column":null}},"60":{"start":{"line":181,"column":23},"end":{"line":181,"column":null}},"61":{"start":{"line":182,"column":23},"end":{"line":182,"column":null}},"62":{"start":{"line":184,"column":26},"end":{"line":186,"column":21}},"63":{"start":{"line":188,"column":4},"end":{"line":195,"column":null}},"64":{"start":{"line":189,"column":6},"end":{"line":195,"column":null}},"65":{"start":{"line":198,"column":4},"end":{"line":210,"column":null}},"66":{"start":{"line":212,"column":16},"end":{"line":219,"column":21}},"67":{"start":{"line":222,"column":4},"end":{"line":224,"column":null}},"68":{"start":{"line":226,"column":4},"end":{"line":235,"column":null}},"69":{"start":{"line":237,"column":4},"end":{"line":237,"column":null}},"70":{"start":{"line":241,"column":0},"end":{"line":263,"column":null}},"71":{"start":{"line":242,"column":16},"end":{"line":242,"column":52}},"72":{"start":{"line":243,"column":2},"end":{"line":244,"column":null}},"73":{"start":{"line":244,"column":4},"end":{"line":244,"column":null}},"74":{"start":{"line":246,"column":20},"end":{"line":246,"column":36}},"75":{"start":{"line":247,"column":15},"end":{"line":249,"column":19}},"76":{"start":{"line":250,"column":22},"end":{"line":252,"column":19}},"77":{"start":{"line":254,"column":19},"end":{"line":254,"column":null}},"78":{"start":{"line":255,"column":2},"end":{"line":262,"column":null}},"79":{"start":{"line":265,"column":0},"end":{"line":288,"column":null}},"80":{"start":{"line":266,"column":17},"end":{"line":266,"column":68}},"81":{"start":{"line":267,"column":16},"end":{"line":267,"column":74}},"82":{"start":{"line":269,"column":4},"end":{"line":286,"column":29}},"83":{"start":{"line":287,"column":2},"end":{"line":287,"column":null}},"84":{"start":{"line":290,"column":0},"end":{"line":313,"column":null}},"85":{"start":{"line":291,"column":17},"end":{"line":291,"column":68}},"86":{"start":{"line":292,"column":16},"end":{"line":292,"column":74}},"87":{"start":{"line":294,"column":4},"end":{"line":311,"column":29}},"88":{"start":{"line":312,"column":2},"end":{"line":312,"column":null}},"89":{"start":{"line":315,"column":0},"end":{"line":363,"column":null}},"90":{"start":{"line":316,"column":13},"end":{"line":316,"column":34}},"91":{"start":{"line":317,"column":2},"end":{"line":318,"column":null}},"92":{"start":{"line":318,"column":4},"end":{"line":318,"column":null}},"93":{"start":{"line":320,"column":14},"end":{"line":327,"column":12}},"94":{"start":{"line":328,"column":2},"end":{"line":329,"column":null}},"95":{"start":{"line":329,"column":4},"end":{"line":329,"column":null}},"96":{"start":{"line":332,"column":24},"end":{"line":334,"column":24}},"97":{"start":{"line":336,"column":2},"end":{"line":347,"column":null}},"98":{"start":{"line":337,"column":18},"end":{"line":341,"column":20}},"99":{"start":{"line":338,"column":26},"end":{"line":338,"column":48}},"100":{"start":{"line":342,"column":4},"end":{"line":345,"column":null}},"101":{"start":{"line":347,"column":4},"end":{"line":347,"column":null}},"102":{"start":{"line":350,"column":2},"end":{"line":357,"column":null}},"103":{"start":{"line":360,"column":2},"end":{"line":360,"column":null}},"104":{"start":{"line":362,"column":2},"end":{"line":362,"column":null}},"105":{"start":{"line":365,"column":0},"end":{"line":384,"column":null}},"106":{"start":{"line":366,"column":13},"end":{"line":366,"column":34}},"107":{"start":{"line":367,"column":2},"end":{"line":368,"column":null}},"108":{"start":{"line":368,"column":4},"end":{"line":368,"column":null}},"109":{"start":{"line":370,"column":14},"end":{"line":372,"column":12}},"110":{"start":{"line":373,"column":2},"end":{"line":374,"column":null}},"111":{"start":{"line":374,"column":4},"end":{"line":374,"column":null}},"112":{"start":{"line":376,"column":2},"end":{"line":382,"column":null}},"113":{"start":{"line":383,"column":2},"end":{"line":383,"column":null}},"114":{"start":{"line":386,"column":0},"end":{"line":388,"column":null}},"115":{"start":{"line":387,"column":2},"end":{"line":387,"column":null}},"116":{"start":{"line":390,"column":0},"end":{"line":403,"column":null}},"117":{"start":{"line":391,"column":2},"end":{"line":401,"column":null}},"118":{"start":{"line":392,"column":20},"end":{"line":392,"column":59}},"119":{"start":{"line":393,"column":10},"end":{"line":393,"column":79}},"120":{"start":{"line":394,"column":4},"end":{"line":399,"column":null}},"121":{"start":{"line":401,"column":4},"end":{"line":401,"column":null}},"122":{"start":{"line":405,"column":0},"end":{"line":417,"column":null}},"123":{"start":{"line":406,"column":2},"end":{"line":415,"column":null}},"124":{"start":{"line":407,"column":20},"end":{"line":407,"column":54}},"125":{"start":{"line":408,"column":15},"end":{"line":408,"column":36}},"126":{"start":{"line":409,"column":4},"end":{"line":410,"column":null}},"127":{"start":{"line":410,"column":6},"end":{"line":410,"column":null}},"128":{"start":{"line":412,"column":4},"end":{"line":412,"column":null}},"129":{"start":{"line":413,"column":4},"end":{"line":413,"column":null}},"130":{"start":{"line":415,"column":4},"end":{"line":415,"column":null}},"131":{"start":{"line":419,"column":0},"end":{"line":426,"column":null}},"132":{"start":{"line":420,"column":13},"end":{"line":420,"column":34}},"133":{"start":{"line":421,"column":2},"end":{"line":422,"column":null}},"134":{"start":{"line":422,"column":4},"end":{"line":422,"column":null}},"135":{"start":{"line":424,"column":2},"end":{"line":424,"column":null}},"136":{"start":{"line":425,"column":2},"end":{"line":425,"column":null}},"137":{"start":{"line":428,"column":0},"end":{"line":432,"column":null}},"138":{"start":{"line":429,"column":16},"end":{"line":429,"column":75}},"139":{"start":{"line":430,"column":8},"end":{"line":430,"column":35}},"140":{"start":{"line":431,"column":2},"end":{"line":431,"column":null}},"141":{"start":{"line":434,"column":0},"end":{"line":441,"column":null}},"142":{"start":{"line":435,"column":2},"end":{"line":439,"column":null}},"143":{"start":{"line":436,"column":4},"end":{"line":436,"column":null}},"144":{"start":{"line":438,"column":20},"end":{"line":438,"column":60}},"145":{"start":{"line":439,"column":4},"end":{"line":439,"column":null}},"146":{"start":{"line":443,"column":0},"end":{"line":451,"column":null}},"147":{"start":{"line":444,"column":2},"end":{"line":449,"column":null}},"148":{"start":{"line":445,"column":19},"end":{"line":445,"column":92}},"149":{"start":{"line":446,"column":4},"end":{"line":446,"column":null}},"150":{"start":{"line":448,"column":20},"end":{"line":448,"column":60}},"151":{"start":{"line":449,"column":4},"end":{"line":449,"column":null}},"152":{"start":{"line":453,"column":0},"end":{"line":464,"column":null}},"153":{"start":{"line":454,"column":2},"end":{"line":462,"column":null}},"154":{"start":{"line":455,"column":19},"end":{"line":455,"column":null}},"155":{"start":{"line":456,"column":19},"end":{"line":458,"column":6}},"156":{"start":{"line":459,"column":4},"end":{"line":459,"column":null}},"157":{"start":{"line":461,"column":20},"end":{"line":461,"column":60}},"158":{"start":{"line":462,"column":4},"end":{"line":462,"column":null}},"159":{"start":{"line":466,"column":0},"end":{"line":474,"column":null}},"160":{"start":{"line":467,"column":2},"end":{"line":472,"column":null}},"161":{"start":{"line":468,"column":17},"end":{"line":468,"column":67}},"162":{"start":{"line":469,"column":4},"end":{"line":469,"column":null}},"163":{"start":{"line":471,"column":20},"end":{"line":471,"column":60}},"164":{"start":{"line":472,"column":4},"end":{"line":472,"column":null}},"165":{"start":{"line":476,"column":0},"end":{"line":485,"column":null}},"166":{"start":{"line":477,"column":2},"end":{"line":483,"column":null}},"167":{"start":{"line":478,"column":18},"end":{"line":478,"column":75}},"168":{"start":{"line":479,"column":17},"end":{"line":479,"column":69}},"169":{"start":{"line":480,"column":4},"end":{"line":480,"column":null}},"170":{"start":{"line":482,"column":20},"end":{"line":482,"column":60}},"171":{"start":{"line":483,"column":4},"end":{"line":483,"column":null}},"172":{"start":{"line":487,"column":0},"end":{"line":496,"column":null}},"173":{"start":{"line":488,"column":2},"end":{"line":494,"column":null}},"174":{"start":{"line":489,"column":18},"end":{"line":489,"column":76}},"175":{"start":{"line":490,"column":17},"end":{"line":490,"column":67}},"176":{"start":{"line":491,"column":4},"end":{"line":491,"column":null}},"177":{"start":{"line":493,"column":20},"end":{"line":493,"column":60}},"178":{"start":{"line":494,"column":4},"end":{"line":494,"column":null}},"179":{"start":{"line":498,"column":0},"end":{"line":555,"column":null}},"180":{"start":{"line":499,"column":2},"end":{"line":553,"column":null}},"181":{"start":{"line":500,"column":18},"end":{"line":500,"column":77}},"182":{"start":{"line":501,"column":28},"end":{"line":501,"column":null}},"183":{"start":{"line":502,"column":21},"end":{"line":502,"column":50}},"184":{"start":{"line":503,"column":10},"end":{"line":521,"column":7}},"185":{"start":{"line":503,"column":62},"end":{"line":521,"column":7}},"186":{"start":{"line":523,"column":17},"end":{"line":523,"column":68}},"187":{"start":{"line":524,"column":30},"end":{"line":524,"column":78}},"188":{"start":{"line":524,"column":56},"end":{"line":524,"column":76}},"189":{"start":{"line":525,"column":21},"end":{"line":528,"column":null}},"190":{"start":{"line":526,"column":6},"end":{"line":526,"column":null}},"191":{"start":{"line":526,"column":55},"end":{"line":526,"column":null}},"192":{"start":{"line":527,"column":6},"end":{"line":527,"column":null}},"193":{"start":{"line":529,"column":17},"end":{"line":529,"column":34}},"194":{"start":{"line":530,"column":20},"end":{"line":542,"column":9}},"195":{"start":{"line":531,"column":16},"end":{"line":531,"column":62}},"196":{"start":{"line":533,"column":20},"end":{"line":533,"column":82}},"197":{"start":{"line":534,"column":8},"end":{"line":534,"column":null}},"198":{"start":{"line":534,"column":27},"end":{"line":534,"column":null}},"199":{"start":{"line":535,"column":8},"end":{"line":535,"column":null}},"200":{"start":{"line":536,"column":8},"end":{"line":536,"column":null}},"201":{"start":{"line":539,"column":21},"end":{"line":542,"column":9}},"202":{"start":{"line":544,"column":4},"end":{"line":550,"column":null}},"203":{"start":{"line":552,"column":20},"end":{"line":552,"column":60}},"204":{"start":{"line":553,"column":4},"end":{"line":553,"column":null}}},"fnMap":{"0":{"name":"sideTh","decl":{"start":{"line":22,"column":9},"end":{"line":22,"column":16}},"loc":{"start":{"line":22,"column":38},"end":{"line":27,"column":null}},"line":22},"1":{"name":"strategyTh","decl":{"start":{"line":30,"column":9},"end":{"line":30,"column":20}},"loc":{"start":{"line":30,"column":46},"end":{"line":44,"column":null}},"line":30},"2":{"name":"regimeTh","decl":{"start":{"line":47,"column":9},"end":{"line":47,"column":18}},"loc":{"start":{"line":47,"column":42},"end":{"line":57,"column":null}},"line":47},"3":{"name":"outcomeTh","decl":{"start":{"line":60,"column":9},"end":{"line":60,"column":19}},"loc":{"start":{"line":60,"column":44},"end":{"line":70,"column":null}},"line":60},"4":{"name":"toThaiText","decl":{"start":{"line":73,"column":9},"end":{"line":73,"column":20}},"loc":{"start":{"line":73,"column":43},"end":{"line":100,"column":null}},"line":73},"5":{"name":"extractConfidence","decl":{"start":{"line":103,"column":9},"end":{"line":103,"column":27}},"loc":{"start":{"line":103,"column":55},"end":{"line":107,"column":null}},"line":103},"6":{"name":"buildLatestThaiLog","decl":{"start":{"line":110,"column":9},"end":{"line":110,"column":28}},"loc":{"start":{"line":110,"column":44},"end":{"line":121,"column":null}},"line":110},"7":{"name":"buildHistoryThaiLog","decl":{"start":{"line":124,"column":9},"end":{"line":124,"column":29}},"loc":{"start":{"line":124,"column":47},"end":{"line":134,"column":null}},"line":124},"8":{"name":"hashToken","decl":{"start":{"line":137,"column":9},"end":{"line":137,"column":19}},"loc":{"start":{"line":137,"column":42},"end":{"line":138,"column":null}},"line":137},"9":{"name":"tokenPrefix","decl":{"start":{"line":141,"column":9},"end":{"line":141,"column":21}},"loc":{"start":{"line":141,"column":44},"end":{"line":142,"column":null}},"line":141},"10":{"name":"(anonymous_10)","decl":{"start":{"line":161,"column":22},"end":{"line":161,"column":43}},"loc":{"start":{"line":161,"column":56},"end":{"line":172,"column":null}},"line":161},"11":{"name":"(anonymous_11)","decl":{"start":{"line":174,"column":12},"end":{"line":174,"column":30}},"loc":{"start":{"line":174,"column":43},"end":{"line":239,"column":null}},"line":174},"12":{"name":"(anonymous_12)","decl":{"start":{"line":241,"column":11},"end":{"line":241,"column":28}},"loc":{"start":{"line":241,"column":41},"end":{"line":263,"column":null}},"line":241},"13":{"name":"(anonymous_13)","decl":{"start":{"line":265,"column":29},"end":{"line":265,"column":49}},"loc":{"start":{"line":265,"column":62},"end":{"line":288,"column":null}},"line":265},"14":{"name":"(anonymous_14)","decl":{"start":{"line":290,"column":11},"end":{"line":290,"column":37}},"loc":{"start":{"line":290,"column":50},"end":{"line":313,"column":null}},"line":290},"15":{"name":"(anonymous_15)","decl":{"start":{"line":315,"column":42},"end":{"line":315,"column":62}},"loc":{"start":{"line":315,"column":75},"end":{"line":363,"column":null}},"line":315},"16":{"name":"(anonymous_16)","decl":{"start":{"line":338,"column":7},"end":{"line":338,"column":12}},"loc":{"start":{"line":338,"column":26},"end":{"line":338,"column":48}},"line":338},"17":{"name":"(anonymous_17)","decl":{"start":{"line":365,"column":41},"end":{"line":365,"column":61}},"loc":{"start":{"line":365,"column":74},"end":{"line":384,"column":null}},"line":365},"18":{"name":"(anonymous_18)","decl":{"start":{"line":386,"column":22},"end":{"line":386,"column":42}},"loc":{"start":{"line":386,"column":56},"end":{"line":388,"column":null}},"line":386},"19":{"name":"(anonymous_19)","decl":{"start":{"line":390,"column":23},"end":{"line":390,"column":43}},"loc":{"start":{"line":390,"column":56},"end":{"line":403,"column":null}},"line":390},"20":{"name":"(anonymous_20)","decl":{"start":{"line":405,"column":28},"end":{"line":405,"column":48}},"loc":{"start":{"line":405,"column":61},"end":{"line":417,"column":null}},"line":405},"21":{"name":"(anonymous_21)","decl":{"start":{"line":419,"column":29},"end":{"line":419,"column":49}},"loc":{"start":{"line":419,"column":62},"end":{"line":426,"column":null}},"line":419},"22":{"name":"(anonymous_22)","decl":{"start":{"line":428,"column":21},"end":{"line":428,"column":41}},"loc":{"start":{"line":428,"column":54},"end":{"line":432,"column":null}},"line":428},"23":{"name":"(anonymous_23)","decl":{"start":{"line":434,"column":35},"end":{"line":434,"column":55}},"loc":{"start":{"line":434,"column":69},"end":{"line":441,"column":null}},"line":434},"24":{"name":"(anonymous_24)","decl":{"start":{"line":443,"column":48},"end":{"line":443,"column":55}},"loc":{"start":{"line":443,"column":69},"end":{"line":451,"column":null}},"line":443},"25":{"name":"(anonymous_25)","decl":{"start":{"line":453,"column":50},"end":{"line":453,"column":57}},"loc":{"start":{"line":453,"column":70},"end":{"line":464,"column":null}},"line":453},"26":{"name":"(anonymous_26)","decl":{"start":{"line":466,"column":55},"end":{"line":466,"column":62}},"loc":{"start":{"line":466,"column":76},"end":{"line":474,"column":null}},"line":466},"27":{"name":"(anonymous_27)","decl":{"start":{"line":476,"column":64},"end":{"line":476,"column":71}},"loc":{"start":{"line":476,"column":84},"end":{"line":485,"column":null}},"line":476},"28":{"name":"(anonymous_28)","decl":{"start":{"line":487,"column":53},"end":{"line":487,"column":60}},"loc":{"start":{"line":487,"column":73},"end":{"line":496,"column":null}},"line":487},"29":{"name":"(anonymous_29)","decl":{"start":{"line":498,"column":54},"end":{"line":498,"column":61}},"loc":{"start":{"line":498,"column":74},"end":{"line":555,"column":null}},"line":498},"30":{"name":"(anonymous_30)","decl":{"start":{"line":503,"column":50},"end":{"line":503,"column":55}},"loc":{"start":{"line":503,"column":62},"end":{"line":521,"column":7}},"line":503},"31":{"name":"(anonymous_31)","decl":{"start":{"line":524,"column":45},"end":{"line":524,"column":50}},"loc":{"start":{"line":524,"column":56},"end":{"line":524,"column":76}},"line":524},"32":{"name":"(anonymous_32)","decl":{"start":{"line":525,"column":26},"end":{"line":525,"column":34}},"loc":{"start":{"line":525,"column":40},"end":{"line":528,"column":null}},"line":525},"33":{"name":"(anonymous_33)","decl":{"start":{"line":531,"column":7},"end":{"line":531,"column":13}},"loc":{"start":{"line":531,"column":16},"end":{"line":531,"column":62}},"line":531},"34":{"name":"(anonymous_34)","decl":{"start":{"line":532,"column":7},"end":{"line":532,"column":15}},"loc":{"start":{"line":532,"column":21},"end":{"line":537,"column":null}},"line":532},"35":{"name":"(anonymous_35)","decl":{"start":{"line":539,"column":9},"end":{"line":539,"column":14}},"loc":{"start":{"line":539,"column":21},"end":{"line":542,"column":9}},"line":539}},"branchMap":{"0":{"loc":{"start":{"line":23,"column":19},"end":{"line":23,"column":30}},"type":"binary-expr","locations":[{"start":{"line":23,"column":19},"end":{"line":23,"column":27}},{"start":{"line":23,"column":27},"end":{"line":23,"column":30}}],"line":23},"1":{"loc":{"start":{"line":24,"column":2},"end":{"line":24,"column":null}},"type":"if","locations":[{"start":{"line":24,"column":2},"end":{"line":24,"column":null}},{"start":{},"end":{}}],"line":24},"2":{"loc":{"start":{"line":25,"column":2},"end":{"line":25,"column":null}},"type":"if","locations":[{"start":{"line":25,"column":2},"end":{"line":25,"column":null}},{"start":{},"end":{}}],"line":25},"3":{"loc":{"start":{"line":26,"column":2},"end":{"line":26,"column":null}},"type":"if","locations":[{"start":{"line":26,"column":2},"end":{"line":26,"column":null}},{"start":{},"end":{}}],"line":26},"4":{"loc":{"start":{"line":27,"column":9},"end":{"line":27,"column":null}},"type":"binary-expr","locations":[{"start":{"line":27,"column":9},"end":{"line":27,"column":14}},{"start":{"line":27,"column":14},"end":{"line":27,"column":null}}],"line":27},"5":{"loc":{"start":{"line":43,"column":21},"end":{"line":43,"column":36}},"type":"binary-expr","locations":[{"start":{"line":43,"column":21},"end":{"line":43,"column":33}},{"start":{"line":43,"column":33},"end":{"line":43,"column":36}}],"line":43},"6":{"loc":{"start":{"line":44,"column":9},"end":{"line":44,"column":null}},"type":"binary-expr","locations":[{"start":{"line":44,"column":9},"end":{"line":44,"column":20}},{"start":{"line":44,"column":20},"end":{"line":44,"column":32}},{"start":{"line":44,"column":32},"end":{"line":44,"column":null}}],"line":44},"7":{"loc":{"start":{"line":56,"column":21},"end":{"line":56,"column":34}},"type":"binary-expr","locations":[{"start":{"line":56,"column":21},"end":{"line":56,"column":31}},{"start":{"line":56,"column":31},"end":{"line":56,"column":34}}],"line":56},"8":{"loc":{"start":{"line":57,"column":9},"end":{"line":57,"column":null}},"type":"binary-expr","locations":[{"start":{"line":57,"column":9},"end":{"line":57,"column":20}},{"start":{"line":57,"column":20},"end":{"line":57,"column":30}},{"start":{"line":57,"column":30},"end":{"line":57,"column":null}}],"line":57},"9":{"loc":{"start":{"line":69,"column":21},"end":{"line":69,"column":35}},"type":"binary-expr","locations":[{"start":{"line":69,"column":21},"end":{"line":69,"column":32}},{"start":{"line":69,"column":32},"end":{"line":69,"column":35}}],"line":69},"10":{"loc":{"start":{"line":70,"column":9},"end":{"line":70,"column":null}},"type":"binary-expr","locations":[{"start":{"line":70,"column":9},"end":{"line":70,"column":20}},{"start":{"line":70,"column":20},"end":{"line":70,"column":31}},{"start":{"line":70,"column":31},"end":{"line":70,"column":null}}],"line":70},"11":{"loc":{"start":{"line":74,"column":17},"end":{"line":74,"column":29}},"type":"binary-expr","locations":[{"start":{"line":74,"column":17},"end":{"line":74,"column":26}},{"start":{"line":74,"column":26},"end":{"line":74,"column":29}}],"line":74},"12":{"loc":{"start":{"line":104,"column":19},"end":{"line":104,"column":29}},"type":"binary-expr","locations":[{"start":{"line":104,"column":19},"end":{"line":104,"column":26}},{"start":{"line":104,"column":26},"end":{"line":104,"column":29}}],"line":104},"13":{"loc":{"start":{"line":105,"column":2},"end":{"line":105,"column":null}},"type":"if","locations":[{"start":{"line":105,"column":2},"end":{"line":105,"column":null}},{"start":{},"end":{}}],"line":105},"14":{"loc":{"start":{"line":107,"column":9},"end":{"line":107,"column":null}},"type":"cond-expr","locations":[{"start":{"line":107,"column":30},"end":{"line":107,"column":34}},{"start":{"line":107,"column":34},"end":{"line":107,"column":null}}],"line":107},"15":{"loc":{"start":{"line":111,"column":2},"end":{"line":111,"column":null}},"type":"if","locations":[{"start":{"line":111,"column":2},"end":{"line":111,"column":null}},{"start":{},"end":{}}],"line":111},"16":{"loc":{"start":{"line":113,"column":24},"end":{"line":113,"column":40}},"type":"binary-expr","locations":[{"start":{"line":113,"column":24},"end":{"line":113,"column":36}},{"start":{"line":113,"column":36},"end":{"line":113,"column":40}}],"line":113},"17":{"loc":{"start":{"line":114,"column":24},"end":{"line":114,"column":41}},"type":"binary-expr","locations":[{"start":{"line":114,"column":24},"end":{"line":114,"column":34}},{"start":{"line":114,"column":34},"end":{"line":114,"column":41}}],"line":114},"18":{"loc":{"start":{"line":116,"column":40},"end":{"line":116,"column":58}},"type":"binary-expr","locations":[{"start":{"line":116,"column":40},"end":{"line":116,"column":55}},{"start":{"line":116,"column":55},"end":{"line":116,"column":58}}],"line":116},"19":{"loc":{"start":{"line":117,"column":19},"end":{"line":117,"column":53}},"type":"cond-expr","locations":[{"start":{"line":117,"column":35},"end":{"line":117,"column":41}},{"start":{"line":117,"column":41},"end":{"line":117,"column":53}}],"line":117},"20":{"loc":{"start":{"line":118,"column":38},"end":{"line":118,"column":57}},"type":"binary-expr","locations":[{"start":{"line":118,"column":38},"end":{"line":118,"column":53}},{"start":{"line":118,"column":53},"end":{"line":118,"column":57}}],"line":118},"21":{"loc":{"start":{"line":121,"column":112},"end":{"line":121,"column":129}},"type":"binary-expr","locations":[{"start":{"line":121,"column":112},"end":{"line":121,"column":126}},{"start":{"line":121,"column":126},"end":{"line":121,"column":129}}],"line":121},"22":{"loc":{"start":{"line":125,"column":2},"end":{"line":125,"column":null}},"type":"if","locations":[{"start":{"line":125,"column":2},"end":{"line":125,"column":null}},{"start":{},"end":{}}],"line":125},"23":{"loc":{"start":{"line":127,"column":24},"end":{"line":127,"column":43}},"type":"binary-expr","locations":[{"start":{"line":127,"column":24},"end":{"line":127,"column":36}},{"start":{"line":127,"column":36},"end":{"line":127,"column":43}}],"line":127},"24":{"loc":{"start":{"line":128,"column":24},"end":{"line":128,"column":42}},"type":"binary-expr","locations":[{"start":{"line":128,"column":24},"end":{"line":128,"column":38}},{"start":{"line":128,"column":38},"end":{"line":128,"column":42}}],"line":128},"25":{"loc":{"start":{"line":129,"column":28},"end":{"line":129,"column":71}},"type":"binary-expr","locations":[{"start":{"line":129,"column":28},"end":{"line":129,"column":51}},{"start":{"line":129,"column":51},"end":{"line":129,"column":69}},{"start":{"line":129,"column":69},"end":{"line":129,"column":71}}],"line":129},"26":{"loc":{"start":{"line":130,"column":27},"end":{"line":130,"column":66}},"type":"binary-expr","locations":[{"start":{"line":130,"column":27},"end":{"line":130,"column":43}},{"start":{"line":130,"column":43},"end":{"line":130,"column":62}},{"start":{"line":130,"column":62},"end":{"line":130,"column":66}}],"line":130},"27":{"loc":{"start":{"line":132,"column":77},"end":{"line":132,"column":94}},"type":"binary-expr","locations":[{"start":{"line":132,"column":77},"end":{"line":132,"column":91}},{"start":{"line":132,"column":91},"end":{"line":132,"column":94}}],"line":132},"28":{"loc":{"start":{"line":134,"column":41},"end":{"line":134,"column":63}},"type":"binary-expr","locations":[{"start":{"line":134,"column":41},"end":{"line":134,"column":56}},{"start":{"line":134,"column":56},"end":{"line":134,"column":63}}],"line":134},"29":{"loc":{"start":{"line":167,"column":13},"end":{"line":167,"column":null}},"type":"binary-expr","locations":[{"start":{"line":167,"column":13},"end":{"line":167,"column":29}},{"start":{"line":167,"column":29},"end":{"line":167,"column":null}}],"line":167},"30":{"loc":{"start":{"line":168,"column":14},"end":{"line":168,"column":null}},"type":"binary-expr","locations":[{"start":{"line":168,"column":14},"end":{"line":168,"column":31}},{"start":{"line":168,"column":31},"end":{"line":168,"column":null}}],"line":168},"31":{"loc":{"start":{"line":176,"column":44},"end":{"line":176,"column":58}},"type":"binary-expr","locations":[{"start":{"line":176,"column":44},"end":{"line":176,"column":56}},{"start":{"line":176,"column":56},"end":{"line":176,"column":58}}],"line":176},"32":{"loc":{"start":{"line":180,"column":21},"end":{"line":180,"column":null}},"type":"binary-expr","locations":[{"start":{"line":180,"column":21},"end":{"line":180,"column":45}},{"start":{"line":180,"column":49},"end":{"line":180,"column":null}}],"line":180},"33":{"loc":{"start":{"line":181,"column":23},"end":{"line":181,"column":null}},"type":"binary-expr","locations":[{"start":{"line":181,"column":23},"end":{"line":181,"column":49}},{"start":{"line":181,"column":53},"end":{"line":181,"column":null}}],"line":181},"34":{"loc":{"start":{"line":182,"column":23},"end":{"line":182,"column":null}},"type":"binary-expr","locations":[{"start":{"line":182,"column":23},"end":{"line":182,"column":49}},{"start":{"line":182,"column":53},"end":{"line":182,"column":null}}],"line":182},"35":{"loc":{"start":{"line":188,"column":4},"end":{"line":195,"column":null}},"type":"if","locations":[{"start":{"line":188,"column":4},"end":{"line":195,"column":null}},{"start":{},"end":{}}],"line":188},"36":{"loc":{"start":{"line":188,"column":8},"end":{"line":188,"column":56}},"type":"binary-expr","locations":[{"start":{"line":188,"column":8},"end":{"line":188,"column":25}},{"start":{"line":188,"column":25},"end":{"line":188,"column":56}}],"line":188},"37":{"loc":{"start":{"line":223,"column":48},"end":{"line":223,"column":72}},"type":"binary-expr","locations":[{"start":{"line":223,"column":48},"end":{"line":223,"column":62}},{"start":{"line":223,"column":62},"end":{"line":223,"column":72}}],"line":223},"38":{"loc":{"start":{"line":223,"column":78},"end":{"line":223,"column":94}},"type":"binary-expr","locations":[{"start":{"line":223,"column":78},"end":{"line":223,"column":90}},{"start":{"line":223,"column":90},"end":{"line":223,"column":94}}],"line":223},"39":{"loc":{"start":{"line":223,"column":104},"end":{"line":223,"column":null}},"type":"binary-expr","locations":[{"start":{"line":223,"column":104},"end":{"line":223,"column":119}},{"start":{"line":223,"column":119},"end":{"line":223,"column":null}}],"line":223},"40":{"loc":{"start":{"line":228,"column":14},"end":{"line":228,"column":null}},"type":"binary-expr","locations":[{"start":{"line":228,"column":14},"end":{"line":228,"column":29}},{"start":{"line":228,"column":29},"end":{"line":228,"column":null}}],"line":228},"41":{"loc":{"start":{"line":231,"column":17},"end":{"line":231,"column":null}},"type":"binary-expr","locations":[{"start":{"line":231,"column":17},"end":{"line":231,"column":28}},{"start":{"line":231,"column":28},"end":{"line":231,"column":null}}],"line":231},"42":{"loc":{"start":{"line":232,"column":20},"end":{"line":232,"column":null}},"type":"binary-expr","locations":[{"start":{"line":232,"column":20},"end":{"line":232,"column":42}},{"start":{"line":232,"column":42},"end":{"line":232,"column":null}}],"line":232},"43":{"loc":{"start":{"line":233,"column":19},"end":{"line":233,"column":null}},"type":"binary-expr","locations":[{"start":{"line":233,"column":19},"end":{"line":233,"column":40}},{"start":{"line":233,"column":40},"end":{"line":233,"column":null}}],"line":233},"44":{"loc":{"start":{"line":234,"column":18},"end":{"line":234,"column":null}},"type":"binary-expr","locations":[{"start":{"line":234,"column":18},"end":{"line":234,"column":39}},{"start":{"line":234,"column":39},"end":{"line":234,"column":null}}],"line":234},"45":{"loc":{"start":{"line":237,"column":57},"end":{"line":237,"column":79}},"type":"binary-expr","locations":[{"start":{"line":237,"column":57},"end":{"line":237,"column":73}},{"start":{"line":237,"column":73},"end":{"line":237,"column":79}}],"line":237},"46":{"loc":{"start":{"line":242,"column":23},"end":{"line":242,"column":45}},"type":"binary-expr","locations":[{"start":{"line":242,"column":23},"end":{"line":242,"column":42}},{"start":{"line":242,"column":42},"end":{"line":242,"column":45}}],"line":242},"47":{"loc":{"start":{"line":243,"column":2},"end":{"line":244,"column":null}},"type":"if","locations":[{"start":{"line":243,"column":2},"end":{"line":244,"column":null}},{"start":{},"end":{}}],"line":243},"48":{"loc":{"start":{"line":254,"column":19},"end":{"line":254,"column":null}},"type":"binary-expr","locations":[{"start":{"line":254,"column":19},"end":{"line":254,"column":36}},{"start":{"line":254,"column":36},"end":{"line":254,"column":null}}],"line":254},"49":{"loc":{"start":{"line":257,"column":12},"end":{"line":257,"column":null}},"type":"cond-expr","locations":[{"start":{"line":257,"column":23},"end":{"line":257,"column":36}},{"start":{"line":257,"column":36},"end":{"line":257,"column":null}}],"line":257},"50":{"loc":{"start":{"line":257,"column":36},"end":{"line":257,"column":null}},"type":"binary-expr","locations":[{"start":{"line":257,"column":36},"end":{"line":257,"column":52}},{"start":{"line":257,"column":52},"end":{"line":257,"column":null}}],"line":257},"51":{"loc":{"start":{"line":259,"column":15},"end":{"line":259,"column":null}},"type":"binary-expr","locations":[{"start":{"line":259,"column":15},"end":{"line":259,"column":27}},{"start":{"line":259,"column":27},"end":{"line":259,"column":null}}],"line":259},"52":{"loc":{"start":{"line":260,"column":16},"end":{"line":260,"column":null}},"type":"binary-expr","locations":[{"start":{"line":260,"column":16},"end":{"line":260,"column":37}},{"start":{"line":260,"column":37},"end":{"line":260,"column":null}}],"line":260},"53":{"loc":{"start":{"line":261,"column":16},"end":{"line":261,"column":null}},"type":"binary-expr","locations":[{"start":{"line":261,"column":16},"end":{"line":261,"column":38}},{"start":{"line":261,"column":38},"end":{"line":261,"column":null}}],"line":261},"54":{"loc":{"start":{"line":266,"column":24},"end":{"line":266,"column":54}},"type":"binary-expr","locations":[{"start":{"line":266,"column":24},"end":{"line":266,"column":44}},{"start":{"line":266,"column":44},"end":{"line":266,"column":54}}],"line":266},"55":{"loc":{"start":{"line":267,"column":41},"end":{"line":267,"column":64}},"type":"binary-expr","locations":[{"start":{"line":267,"column":41},"end":{"line":267,"column":60}},{"start":{"line":267,"column":60},"end":{"line":267,"column":64}}],"line":267},"56":{"loc":{"start":{"line":269,"column":4},"end":{"line":286,"column":29}},"type":"cond-expr","locations":[{"start":{"line":270,"column":8},"end":{"line":277,"column":21}},{"start":{"line":278,"column":8},"end":{"line":286,"column":29}}],"line":269},"57":{"loc":{"start":{"line":291,"column":24},"end":{"line":291,"column":54}},"type":"binary-expr","locations":[{"start":{"line":291,"column":24},"end":{"line":291,"column":44}},{"start":{"line":291,"column":44},"end":{"line":291,"column":54}}],"line":291},"58":{"loc":{"start":{"line":292,"column":41},"end":{"line":292,"column":64}},"type":"binary-expr","locations":[{"start":{"line":292,"column":41},"end":{"line":292,"column":60}},{"start":{"line":292,"column":60},"end":{"line":292,"column":64}}],"line":292},"59":{"loc":{"start":{"line":294,"column":4},"end":{"line":311,"column":29}},"type":"cond-expr","locations":[{"start":{"line":295,"column":8},"end":{"line":302,"column":21}},{"start":{"line":303,"column":8},"end":{"line":311,"column":29}}],"line":294},"60":{"loc":{"start":{"line":317,"column":2},"end":{"line":318,"column":null}},"type":"if","locations":[{"start":{"line":317,"column":2},"end":{"line":318,"column":null}},{"start":{},"end":{}}],"line":317},"61":{"loc":{"start":{"line":328,"column":2},"end":{"line":329,"column":null}},"type":"if","locations":[{"start":{"line":328,"column":2},"end":{"line":329,"column":null}},{"start":{},"end":{}}],"line":328},"62":{"loc":{"start":{"line":336,"column":2},"end":{"line":347,"column":null}},"type":"if","locations":[{"start":{"line":336,"column":2},"end":{"line":347,"column":null}},{"start":{"line":346,"column":9},"end":{"line":347,"column":null}}],"line":336},"63":{"loc":{"start":{"line":337,"column":19},"end":{"line":337,"column":48}},"type":"binary-expr","locations":[{"start":{"line":337,"column":19},"end":{"line":337,"column":38}},{"start":{"line":337,"column":38},"end":{"line":337,"column":48}}],"line":337},"64":{"loc":{"start":{"line":337,"column":48},"end":{"line":337,"column":69}},"type":"binary-expr","locations":[{"start":{"line":337,"column":48},"end":{"line":337,"column":65}},{"start":{"line":337,"column":65},"end":{"line":337,"column":69}}],"line":337},"65":{"loc":{"start":{"line":337,"column":69},"end":{"line":337,"column":91}},"type":"binary-expr","locations":[{"start":{"line":337,"column":69},"end":{"line":337,"column":88}},{"start":{"line":337,"column":88},"end":{"line":337,"column":91}}],"line":337},"66":{"loc":{"start":{"line":338,"column":33},"end":{"line":338,"column":41}},"type":"binary-expr","locations":[{"start":{"line":338,"column":33},"end":{"line":338,"column":38}},{"start":{"line":338,"column":38},"end":{"line":338,"column":41}}],"line":338},"67":{"loc":{"start":{"line":345,"column":10},"end":{"line":345,"column":36}},"type":"binary-expr","locations":[{"start":{"line":345,"column":10},"end":{"line":345,"column":19}},{"start":{"line":345,"column":19},"end":{"line":345,"column":36}}],"line":345},"68":{"loc":{"start":{"line":360,"column":82},"end":{"line":360,"column":113}},"type":"binary-expr","locations":[{"start":{"line":360,"column":82},"end":{"line":360,"column":101}},{"start":{"line":360,"column":101},"end":{"line":360,"column":113}}],"line":360},"69":{"loc":{"start":{"line":367,"column":2},"end":{"line":368,"column":null}},"type":"if","locations":[{"start":{"line":367,"column":2},"end":{"line":368,"column":null}},{"start":{},"end":{}}],"line":367},"70":{"loc":{"start":{"line":373,"column":2},"end":{"line":374,"column":null}},"type":"if","locations":[{"start":{"line":373,"column":2},"end":{"line":374,"column":null}},{"start":{},"end":{}}],"line":373},"71":{"loc":{"start":{"line":392,"column":44},"end":{"line":392,"column":58}},"type":"binary-expr","locations":[{"start":{"line":392,"column":44},"end":{"line":392,"column":56}},{"start":{"line":392,"column":56},"end":{"line":392,"column":58}}],"line":392},"72":{"loc":{"start":{"line":393,"column":53},"end":{"line":393,"column":79}},"type":"binary-expr","locations":[{"start":{"line":393,"column":53},"end":{"line":393,"column":74}},{"start":{"line":393,"column":74},"end":{"line":393,"column":79}}],"line":393},"73":{"loc":{"start":{"line":401,"column":57},"end":{"line":401,"column":79}},"type":"binary-expr","locations":[{"start":{"line":401,"column":57},"end":{"line":401,"column":73}},{"start":{"line":401,"column":73},"end":{"line":401,"column":79}}],"line":401},"74":{"loc":{"start":{"line":407,"column":39},"end":{"line":407,"column":53}},"type":"binary-expr","locations":[{"start":{"line":407,"column":39},"end":{"line":407,"column":51}},{"start":{"line":407,"column":51},"end":{"line":407,"column":53}}],"line":407},"75":{"loc":{"start":{"line":409,"column":4},"end":{"line":410,"column":null}},"type":"if","locations":[{"start":{"line":409,"column":4},"end":{"line":410,"column":null}},{"start":{},"end":{}}],"line":409},"76":{"loc":{"start":{"line":415,"column":57},"end":{"line":415,"column":79}},"type":"binary-expr","locations":[{"start":{"line":415,"column":57},"end":{"line":415,"column":73}},{"start":{"line":415,"column":73},"end":{"line":415,"column":79}}],"line":415},"77":{"loc":{"start":{"line":421,"column":2},"end":{"line":422,"column":null}},"type":"if","locations":[{"start":{"line":421,"column":2},"end":{"line":422,"column":null}},{"start":{},"end":{}}],"line":421},"78":{"loc":{"start":{"line":429,"column":41},"end":{"line":429,"column":64}},"type":"binary-expr","locations":[{"start":{"line":429,"column":41},"end":{"line":429,"column":60}},{"start":{"line":429,"column":60},"end":{"line":429,"column":64}}],"line":429},"79":{"loc":{"start":{"line":438,"column":27},"end":{"line":438,"column":60}},"type":"binary-expr","locations":[{"start":{"line":438,"column":27},"end":{"line":438,"column":43}},{"start":{"line":438,"column":43},"end":{"line":438,"column":50}},{"start":{"line":438,"column":50},"end":{"line":438,"column":60}}],"line":438},"80":{"loc":{"start":{"line":448,"column":27},"end":{"line":448,"column":60}},"type":"binary-expr","locations":[{"start":{"line":448,"column":27},"end":{"line":448,"column":43}},{"start":{"line":448,"column":43},"end":{"line":448,"column":50}},{"start":{"line":448,"column":50},"end":{"line":448,"column":60}}],"line":448},"81":{"loc":{"start":{"line":455,"column":19},"end":{"line":455,"column":null}},"type":"cond-expr","locations":[{"start":{"line":455,"column":58},"end":{"line":455,"column":77}},{"start":{"line":455,"column":77},"end":{"line":455,"column":null}}],"line":455},"82":{"loc":{"start":{"line":461,"column":27},"end":{"line":461,"column":60}},"type":"binary-expr","locations":[{"start":{"line":461,"column":27},"end":{"line":461,"column":43}},{"start":{"line":461,"column":43},"end":{"line":461,"column":50}},{"start":{"line":461,"column":50},"end":{"line":461,"column":60}}],"line":461},"83":{"loc":{"start":{"line":471,"column":27},"end":{"line":471,"column":60}},"type":"binary-expr","locations":[{"start":{"line":471,"column":27},"end":{"line":471,"column":43}},{"start":{"line":471,"column":43},"end":{"line":471,"column":50}},{"start":{"line":471,"column":50},"end":{"line":471,"column":60}}],"line":471},"84":{"loc":{"start":{"line":478,"column":43},"end":{"line":478,"column":65}},"type":"binary-expr","locations":[{"start":{"line":478,"column":43},"end":{"line":478,"column":62}},{"start":{"line":478,"column":62},"end":{"line":478,"column":65}}],"line":478},"85":{"loc":{"start":{"line":482,"column":27},"end":{"line":482,"column":60}},"type":"binary-expr","locations":[{"start":{"line":482,"column":27},"end":{"line":482,"column":43}},{"start":{"line":482,"column":43},"end":{"line":482,"column":50}},{"start":{"line":482,"column":50},"end":{"line":482,"column":60}}],"line":482},"86":{"loc":{"start":{"line":489,"column":43},"end":{"line":489,"column":66}},"type":"binary-expr","locations":[{"start":{"line":489,"column":43},"end":{"line":489,"column":62}},{"start":{"line":489,"column":62},"end":{"line":489,"column":66}}],"line":489},"87":{"loc":{"start":{"line":493,"column":27},"end":{"line":493,"column":60}},"type":"binary-expr","locations":[{"start":{"line":493,"column":27},"end":{"line":493,"column":43}},{"start":{"line":493,"column":43},"end":{"line":493,"column":50}},{"start":{"line":493,"column":50},"end":{"line":493,"column":60}}],"line":493},"88":{"loc":{"start":{"line":500,"column":43},"end":{"line":500,"column":66}},"type":"binary-expr","locations":[{"start":{"line":500,"column":43},"end":{"line":500,"column":62}},{"start":{"line":500,"column":62},"end":{"line":500,"column":66}}],"line":500},"89":{"loc":{"start":{"line":501,"column":28},"end":{"line":501,"column":null}},"type":"binary-expr","locations":[{"start":{"line":501,"column":28},"end":{"line":501,"column":68}},{"start":{"line":501,"column":68},"end":{"line":501,"column":null}}],"line":501},"90":{"loc":{"start":{"line":503,"column":20},"end":{"line":503,"column":48}},"type":"binary-expr","locations":[{"start":{"line":503,"column":20},"end":{"line":503,"column":46}},{"start":{"line":503,"column":46},"end":{"line":503,"column":48}}],"line":503},"91":{"loc":{"start":{"line":510,"column":16},"end":{"line":510,"column":null}},"type":"binary-expr","locations":[{"start":{"line":510,"column":16},"end":{"line":510,"column":37}},{"start":{"line":510,"column":37},"end":{"line":510,"column":null}}],"line":510},"92":{"loc":{"start":{"line":526,"column":6},"end":{"line":526,"column":null}},"type":"if","locations":[{"start":{"line":526,"column":6},"end":{"line":526,"column":null}},{"start":{},"end":{}}],"line":526},"93":{"loc":{"start":{"line":527,"column":13},"end":{"line":527,"column":null}},"type":"binary-expr","locations":[{"start":{"line":527,"column":13},"end":{"line":527,"column":32}},{"start":{"line":527,"column":32},"end":{"line":527,"column":null}}],"line":527},"94":{"loc":{"start":{"line":527,"column":39},"end":{"line":527,"column":56}},"type":"binary-expr","locations":[{"start":{"line":527,"column":39},"end":{"line":527,"column":53}},{"start":{"line":527,"column":53},"end":{"line":527,"column":56}}],"line":527},"95":{"loc":{"start":{"line":531,"column":23},"end":{"line":531,"column":44}},"type":"binary-expr","locations":[{"start":{"line":531,"column":23},"end":{"line":531,"column":38}},{"start":{"line":531,"column":38},"end":{"line":531,"column":44}}],"line":531},"96":{"loc":{"start":{"line":531,"column":44},"end":{"line":531,"column":62}},"type":"binary-expr","locations":[{"start":{"line":531,"column":44},"end":{"line":531,"column":59}},{"start":{"line":531,"column":59},"end":{"line":531,"column":62}}],"line":531},"97":{"loc":{"start":{"line":533,"column":27},"end":{"line":533,"column":82}},"type":"binary-expr","locations":[{"start":{"line":533,"column":27},"end":{"line":533,"column":43}},{"start":{"line":533,"column":43},"end":{"line":533,"column":82}}],"line":533},"98":{"loc":{"start":{"line":534,"column":8},"end":{"line":534,"column":null}},"type":"if","locations":[{"start":{"line":534,"column":8},"end":{"line":534,"column":null}},{"start":{},"end":{}}],"line":534},"99":{"loc":{"start":{"line":552,"column":27},"end":{"line":552,"column":60}},"type":"binary-expr","locations":[{"start":{"line":552,"column":27},"end":{"line":552,"column":43}},{"start":{"line":552,"column":43},"end":{"line":552,"column":50}},{"start":{"line":552,"column":50},"end":{"line":552,"column":60}}],"line":552}},"s":{"0":0,"1":0,"2":0,"3":0,"4":0,"5":0,"6":0,"7":0,"8":0,"9":0,"10":0,"11":0,"12":0,"13":0,"14":0,"15":0,"16":0,"17":0,"18":0,"19":0,"20":0,"21":0,"22":0,"23":0,"24":0,"25":0,"26":0,"27":0,"28":0,"29":0,"30":0,"31":0,"32":0,"33":0,"34":0,"35":0,"36":0,"37":0,"38":0,"39":0,"40":0,"41":0,"42":0,"43":0,"44":0,"45":0,"46":0,"47":0,"48":0,"49":0,"50":0,"51":0,"52":0,"53":0,"54":0,"55":0,"56":0,"57":0,"58":0,"59":0,"60":0,"61":0,"62":0,"63":0,"64":0,"65":0,"66":0,"67":0,"68":0,"69":0,"70":0,"71":0,"72":0,"73":0,"74":0,"75":0,"76":0,"77":0,"78":0,"79":0,"80":0,"81":0,"82":0,"83":0,"84":0,"85":0,"86":0,"87":0,"88":0,"89":0,"90":0,"91":0,"92":0,"93":0,"94":0,"95":0,"96":0,"97":0,"98":0,"99":0,"100":0,"101":0,"102":0,"103":0,"104":0,"105":0,"106":0,"107":0,"108":0,"109":0,"110":0,"111":0,"112":0,"113":0,"114":0,"115":0,"116":0,"117":0,"118":0,"119":0,"120":0,"121":0,"122":0,"123":0,"124":0,"125":0,"126":0,"127":0,"128":0,"129":0,"130":0,"131":0,"132":0,"133":0,"134":0,"135":0,"136":0,"137":0,"138":0,"139":0,"140":0,"141":0,"142":0,"143":0,"144":0,"145":0,"146":0,"147":0,"148":0,"149":0,"150":0,"151":0,"152":0,"153":0,"154":0,"155":0,"156":0,"157":0,"158":0,"159":0,"160":0,"161":0,"162":0,"163":0,"164":0,"165":0,"166":0,"167":0,"168":0,"169":0,"170":0,"171":0,"172":0,"173":0,"174":0,"175":0,"176":0,"177":0,"178":0,"179":0,"180":0,"181":0,"182":0,"183":0,"184":0,"185":0,"186":0,"187":0,"188":0,"189":0,"190":0,"191":0,"192":0,"193":0,"194":0,"195":0,"196":0,"197":0,"198":0,"199":0,"200":0,"201":0,"202":0,"203":0,"204":0},"f":{"0":0,"1":0,"2":0,"3":0,"4":0,"5":0,"6":0,"7":0,"8":0,"9":0,"10":0,"11":0,"12":0,"13":0,"14":0,"15":0,"16":0,"17":0,"18":0,"19":0,"20":0,"21":0,"22":0,"23":0,"24":0,"25":0,"26":0,"27":0,"28":0,"29":0,"30":0,"31":0,"32":0,"33":0,"34":0,"35":0},"b":{"0":[0,0],"1":[0,0],"2":[0,0],"3":[0,0],"4":[0,0],"5":[0,0],"6":[0,0,0],"7":[0,0],"8":[0,0,0],"9":[0,0],"10":[0,0,0],"11":[0,0],"12":[0,0],"13":[0,0],"14":[0,0],"15":[0,0],"16":[0,0],"17":[0,0],"18":[0,0],"19":[0,0],"20":[0,0],"21":[0,0],"22":[0,0],"23":[0,0],"24":[0,0],"25":[0,0,0],"26":[0,0,0],"27":[0,0],"28":[0,0],"29":[0,0],"30":[0,0],"31":[0,0],"32":[0,0],"33":[0,0],"34":[0,0],"35":[0,0],"36":[0,0],"37":[0,0],"38":[0,0],"39":[0,0],"40":[0,0],"41":[0,0],"42":[0,0],"43":[0,0],"44":[0,0],"45":[0,0],"46":[0,0],"47":[0,0],"48":[0,0],"49":[0,0],"50":[0,0],"51":[0,0],"52":[0,0],"53":[0,0],"54":[0,0],"55":[0,0],"56":[0,0],"57":[0,0],"58":[0,0],"59":[0,0],"60":[0,0],"61":[0,0],"62":[0,0],"63":[0,0],"64":[0,0],"65":[0,0],"66":[0,0],"67":[0,0],"68":[0,0],"69":[0,0],"70":[0,0],"71":[0,0],"72":[0,0],"73":[0,0],"74":[0,0],"75":[0,0],"76":[0,0],"77":[0,0],"78":[0,0],"79":[0,0,0],"80":[0,0,0],"81":[0,0],"82":[0,0,0],"83":[0,0,0],"84":[0,0],"85":[0,0,0],"86":[0,0],"87":[0,0,0],"88":[0,0],"89":[0,0],"90":[0,0],"91":[0,0],"92":[0,0],"93":[0,0],"94":[0,0],"95":[0,0],"96":[0,0],"97":[0,0],"98":[0,0],"99":[0,0,0]},"meta":{"lastBranch":100,"lastFunction":36,"lastStatement":205,"seen":{"s:19:6:19:23":0,"s:20:6:20:18":1,"f:22:9:22:16":0,"s:23:12:23:44":2,"b:23:19:23:27:23:27:23:30":0,"b:24:2:24:Infinity:undefined:undefined:undefined:undefined":1,"s:24:2:24:Infinity":3,"s:24:19:24:Infinity":4,"b:25:2:25:Infinity:undefined:undefined:undefined:undefined":2,"s:25:2:25:Infinity":5,"s:25:20:25:Infinity":6,"b:26:2:26:Infinity:undefined:undefined:undefined:undefined":3,"s:26:2:26:Infinity":7,"s:26:20:26:Infinity":8,"s:27:2:27:Infinity":9,"b:27:9:27:14:27:14:27:Infinity":4,"f:30:9:30:20":1,"s:31:36:42:Infinity":10,"s:43:14:43:50":11,"b:43:21:43:33:43:33:43:36":5,"s:44:2:44:Infinity":12,"b:44:9:44:20:44:20:44:32:44:32:44:Infinity":6,"f:47:9:47:18":2,"s:48:36:55:Infinity":13,"s:56:14:56:48":14,"b:56:21:56:31:56:31:56:34":7,"s:57:2:57:Infinity":15,"b:57:9:57:20:57:20:57:30:57:30:57:Infinity":8,"f:60:9:60:19":3,"s:61:36:68:Infinity":16,"s:69:14:69:49":17,"b:69:21:69:32:69:32:69:35":9,"s:70:2:70:Infinity":18,"b:70:9:70:20:70:20:70:31:70:31:70:Infinity":10,"f:73:9:73:20":4,"s:74:10:74:29":19,"b:74:17:74:26:74:26:74:29":11,"s:75:41:98:Infinity":20,"s:99:2:99:Infinity":21,"s:99:46:99:Infinity":22,"s:100:2:100:Infinity":23,"f:103:9:103:27":5,"s:104:12:104:70":24,"b:104:19:104:26:104:26:104:29":12,"b:105:2:105:Infinity:undefined:undefined:undefined:undefined":13,"s:105:2:105:Infinity":25,"s:105:10:105:Infinity":26,"s:106:12:106:24":27,"s:107:2:107:Infinity":28,"b:107:30:107:34:107:34:107:Infinity":14,"f:110:9:110:28":6,"b:111:2:111:Infinity:undefined:undefined:undefined:undefined":15,"s:111:2:111:Infinity":29,"s:111:22:111:Infinity":30,"s:113:17:113:40":31,"b:113:24:113:36:113:36:113:40":16,"s:114:17:114:55":32,"b:114:24:114:34:114:34:114:41":17,"s:115:15:115:29":33,"s:116:15:116:59":34,"b:116:40:116:55:116:55:116:58":18,"s:117:19:117:53":35,"b:117:35:117:41:117:41:117:53":19,"s:118:20:118:58":36,"b:118:38:118:53:118:53:118:57":20,"s:121:2:121:Infinity":37,"b:121:112:121:126:121:126:121:129":21,"f:124:9:124:29":7,"b:125:2:125:Infinity:undefined:undefined:undefined:undefined":22,"s:125:2:125:Infinity":38,"s:125:24:125:Infinity":39,"s:127:17:127:57":40,"b:127:24:127:36:127:36:127:43":23,"s:128:17:128:42":41,"b:128:24:128:38:128:38:128:42":24,"s:129:21:129:71":42,"b:129:28:129:51:129:51:129:69:129:69:129:71":25,"s:130:20:130:66":43,"b:130:27:130:43:130:43:130:62:130:62:130:66":26,"s:132:2:134:Infinity":44,"b:132:77:132:91:132:91:132:94":27,"b:134:41:134:56:134:56:134:63":28,"f:137:9:137:19":8,"s:138:2:138:Infinity":45,"f:141:9:141:21":9,"s:142:2:142:Infinity":46,"s:145:26:148:2":47,"s:150:21:152:2":48,"s:154:26:159:2":49,"s:161:0:172:Infinity":50,"f:161:22:161:43":10,"s:162:17:162:Infinity":51,"s:163:2:171:Infinity":52,"b:167:13:167:29:167:29:167:Infinity":29,"b:168:14:168:31:168:31:168:Infinity":30,"s:174:0:239:Infinity":53,"f:174:12:174:30":11,"s:175:2:237:Infinity":54,"s:176:20:176:59":55,"b:176:44:176:56:176:56:176:58":31,"s:177:21:177:41":56,"s:178:22:178:41":57,"s:179:19:179:40":58,"s:180:21:180:Infinity":59,"b:180:21:180:45:180:49:180:Infinity":32,"s:181:23:181:Infinity":60,"b:181:23:181:49:181:53:181:Infinity":33,"s:182:23:182:Infinity":61,"b:182:23:182:49:182:53:182:Infinity":34,"s:184:26:186:21":62,"b:188:4:195:Infinity:undefined:undefined:undefined:undefined":35,"s:188:4:195:Infinity":63,"b:188:8:188:25:188:25:188:56":36,"s:189:6:195:Infinity":64,"s:198:4:210:Infinity":65,"s:212:16:219:21":66,"s:222:4:224:Infinity":67,"b:223:48:223:62:223:62:223:72":37,"b:223:78:223:90:223:90:223:94":38,"b:223:104:223:119:223:119:223:Infinity":39,"s:226:4:235:Infinity":68,"b:228:14:228:29:228:29:228:Infinity":40,"b:231:17:231:28:231:28:231:Infinity":41,"b:232:20:232:42:232:42:232:Infinity":42,"b:233:19:233:40:233:40:233:Infinity":43,"b:234:18:234:39:234:39:234:Infinity":44,"s:237:4:237:Infinity":69,"b:237:57:237:73:237:73:237:79":45,"s:241:0:263:Infinity":70,"f:241:11:241:28":12,"s:242:16:242:52":71,"b:242:23:242:42:242:42:242:45":46,"b:243:2:244:Infinity:undefined:undefined:undefined:undefined":47,"s:243:2:244:Infinity":72,"s:244:4:244:Infinity":73,"s:246:20:246:36":74,"s:247:15:249:19":75,"s:250:22:252:19":76,"s:254:19:254:Infinity":77,"b:254:19:254:36:254:36:254:Infinity":48,"s:255:2:262:Infinity":78,"b:257:23:257:36:257:36:257:Infinity":49,"b:257:36:257:52:257:52:257:Infinity":50,"b:259:15:259:27:259:27:259:Infinity":51,"b:260:16:260:37:260:37:260:Infinity":52,"b:261:16:261:38:261:38:261:Infinity":53,"s:265:0:288:Infinity":79,"f:265:29:265:49":13,"s:266:17:266:68":80,"b:266:24:266:44:266:44:266:54":54,"s:267:16:267:74":81,"b:267:41:267:60:267:60:267:64":55,"s:269:4:286:29":82,"b:270:8:277:21:278:8:286:29":56,"s:287:2:287:Infinity":83,"s:290:0:313:Infinity":84,"f:290:11:290:37":14,"s:291:17:291:68":85,"b:291:24:291:44:291:44:291:54":57,"s:292:16:292:74":86,"b:292:41:292:60:292:60:292:64":58,"s:294:4:311:29":87,"b:295:8:302:21:303:8:311:29":59,"s:312:2:312:Infinity":88,"s:315:0:363:Infinity":89,"f:315:42:315:62":15,"s:316:13:316:34":90,"b:317:2:318:Infinity:undefined:undefined:undefined:undefined":60,"s:317:2:318:Infinity":91,"s:318:4:318:Infinity":92,"s:320:14:327:12":93,"b:328:2:329:Infinity:undefined:undefined:undefined:undefined":61,"s:328:2:329:Infinity":94,"s:329:4:329:Infinity":95,"s:332:24:334:24":96,"b:336:2:347:Infinity:346:9:347:Infinity":62,"s:336:2:347:Infinity":97,"s:337:18:341:20":98,"b:337:19:337:38:337:38:337:48":63,"b:337:48:337:65:337:65:337:69":64,"b:337:69:337:88:337:88:337:91":65,"f:338:7:338:12":16,"s:338:26:338:48":99,"b:338:33:338:38:338:38:338:41":66,"s:342:4:345:Infinity":100,"b:345:10:345:19:345:19:345:36":67,"s:347:4:347:Infinity":101,"s:350:2:357:Infinity":102,"s:360:2:360:Infinity":103,"b:360:82:360:101:360:101:360:113":68,"s:362:2:362:Infinity":104,"s:365:0:384:Infinity":105,"f:365:41:365:61":17,"s:366:13:366:34":106,"b:367:2:368:Infinity:undefined:undefined:undefined:undefined":69,"s:367:2:368:Infinity":107,"s:368:4:368:Infinity":108,"s:370:14:372:12":109,"b:373:2:374:Infinity:undefined:undefined:undefined:undefined":70,"s:373:2:374:Infinity":110,"s:374:4:374:Infinity":111,"s:376:2:382:Infinity":112,"s:383:2:383:Infinity":113,"s:386:0:388:Infinity":114,"f:386:22:386:42":18,"s:387:2:387:Infinity":115,"s:390:0:403:Infinity":116,"f:390:23:390:43":19,"s:391:2:401:Infinity":117,"s:392:20:392:59":118,"b:392:44:392:56:392:56:392:58":71,"s:393:10:393:79":119,"b:393:53:393:74:393:74:393:79":72,"s:394:4:399:Infinity":120,"s:401:4:401:Infinity":121,"b:401:57:401:73:401:73:401:79":73,"s:405:0:417:Infinity":122,"f:405:28:405:48":20,"s:406:2:415:Infinity":123,"s:407:20:407:54":124,"b:407:39:407:51:407:51:407:53":74,"s:408:15:408:36":125,"b:409:4:410:Infinity:undefined:undefined:undefined:undefined":75,"s:409:4:410:Infinity":126,"s:410:6:410:Infinity":127,"s:412:4:412:Infinity":128,"s:413:4:413:Infinity":129,"s:415:4:415:Infinity":130,"b:415:57:415:73:415:73:415:79":76,"s:419:0:426:Infinity":131,"f:419:29:419:49":21,"s:420:13:420:34":132,"b:421:2:422:Infinity:undefined:undefined:undefined:undefined":77,"s:421:2:422:Infinity":133,"s:422:4:422:Infinity":134,"s:424:2:424:Infinity":135,"s:425:2:425:Infinity":136,"s:428:0:432:Infinity":137,"f:428:21:428:41":22,"s:429:16:429:75":138,"b:429:41:429:60:429:60:429:64":78,"s:430:8:430:35":139,"s:431:2:431:Infinity":140,"s:434:0:441:Infinity":141,"f:434:35:434:55":23,"s:435:2:439:Infinity":142,"s:436:4:436:Infinity":143,"s:438:20:438:60":144,"b:438:27:438:43:438:43:438:50:438:50:438:60":79,"s:439:4:439:Infinity":145,"s:443:0:451:Infinity":146,"f:443:48:443:55":24,"s:444:2:449:Infinity":147,"s:445:19:445:92":148,"s:446:4:446:Infinity":149,"s:448:20:448:60":150,"b:448:27:448:43:448:43:448:50:448:50:448:60":80,"s:449:4:449:Infinity":151,"s:453:0:464:Infinity":152,"f:453:50:453:57":25,"s:454:2:462:Infinity":153,"s:455:19:455:Infinity":154,"b:455:58:455:77:455:77:455:Infinity":81,"s:456:19:458:6":155,"s:459:4:459:Infinity":156,"s:461:20:461:60":157,"b:461:27:461:43:461:43:461:50:461:50:461:60":82,"s:462:4:462:Infinity":158,"s:466:0:474:Infinity":159,"f:466:55:466:62":26,"s:467:2:472:Infinity":160,"s:468:17:468:67":161,"s:469:4:469:Infinity":162,"s:471:20:471:60":163,"b:471:27:471:43:471:43:471:50:471:50:471:60":83,"s:472:4:472:Infinity":164,"s:476:0:485:Infinity":165,"f:476:64:476:71":27,"s:477:2:483:Infinity":166,"s:478:18:478:75":167,"b:478:43:478:62:478:62:478:65":84,"s:479:17:479:69":168,"s:480:4:480:Infinity":169,"s:482:20:482:60":170,"b:482:27:482:43:482:43:482:50:482:50:482:60":85,"s:483:4:483:Infinity":171,"s:487:0:496:Infinity":172,"f:487:53:487:60":28,"s:488:2:494:Infinity":173,"s:489:18:489:76":174,"b:489:43:489:62:489:62:489:66":86,"s:490:17:490:67":175,"s:491:4:491:Infinity":176,"s:493:20:493:60":177,"b:493:27:493:43:493:43:493:50:493:50:493:60":87,"s:494:4:494:Infinity":178,"s:498:0:555:Infinity":179,"f:498:54:498:61":29,"s:499:2:553:Infinity":180,"s:500:18:500:77":181,"b:500:43:500:62:500:62:500:66":88,"s:501:28:501:Infinity":182,"b:501:28:501:68:501:68:501:Infinity":89,"s:502:21:502:50":183,"s:503:10:521:7":184,"b:503:20:503:46:503:46:503:48":90,"f:503:50:503:55":30,"s:503:62:521:7":185,"b:510:16:510:37:510:37:510:Infinity":91,"s:523:17:523:68":186,"s:524:30:524:78":187,"f:524:45:524:50":31,"s:524:56:524:76":188,"s:525:21:528:Infinity":189,"f:525:26:525:34":32,"b:526:6:526:Infinity:undefined:undefined:undefined:undefined":92,"s:526:6:526:Infinity":190,"s:526:55:526:Infinity":191,"s:527:6:527:Infinity":192,"b:527:13:527:32:527:32:527:Infinity":93,"b:527:39:527:53:527:53:527:56":94,"s:529:17:529:34":193,"s:530:20:542:9":194,"f:531:7:531:13":33,"s:531:16:531:62":195,"b:531:23:531:38:531:38:531:44":95,"b:531:44:531:59:531:59:531:62":96,"f:532:7:532:15":34,"s:533:20:533:82":196,"b:533:27:533:43:533:43:533:82":97,"b:534:8:534:Infinity:undefined:undefined:undefined:undefined":98,"s:534:8:534:Infinity":197,"s:534:27:534:Infinity":198,"s:535:8:535:Infinity":199,"s:536:8:536:Infinity":200,"f:539:9:539:14":35,"s:539:21:542:9":201,"s:544:4:550:Infinity":202,"s:552:20:552:60":203,"b:552:27:552:43:552:43:552:50:552:50:552:60":99,"s:553:4:553:Infinity":204}}}
,"C:\\Users\\JOJO\\AndroidStudioProjects\\PersonalAIBot\\mt5-core-server\\src\\routes\\autoTrading.ts": {"path":"C:\\Users\\JOJO\\AndroidStudioProjects\\PersonalAIBot\\mt5-core-server\\src\\routes\\autoTrading.ts","statementMap":{"0":{"start":{"line":4,"column":6},"end":{"line":4,"column":23}},"1":{"start":{"line":7,"column":2},"end":{"line":7,"column":null}},"2":{"start":{"line":11,"column":18},"end":{"line":11,"column":58}},"3":{"start":{"line":13,"column":2},"end":{"line":13,"column":null}},"4":{"start":{"line":14,"column":2},"end":{"line":14,"column":null}},"5":{"start":{"line":17,"column":0},"end":{"line":23,"column":null}},"6":{"start":{"line":18,"column":2},"end":{"line":21,"column":null}},"7":{"start":{"line":19,"column":4},"end":{"line":19,"column":null}},"8":{"start":{"line":21,"column":4},"end":{"line":21,"column":null}},"9":{"start":{"line":25,"column":0},"end":{"line":32,"column":null}},"10":{"start":{"line":26,"column":2},"end":{"line":30,"column":null}},"11":{"start":{"line":27,"column":18},"end":{"line":27,"column":null}},"12":{"start":{"line":28,"column":4},"end":{"line":28,"column":null}},"13":{"start":{"line":30,"column":4},"end":{"line":30,"column":null}},"14":{"start":{"line":34,"column":0},"end":{"line":41,"column":null}},"15":{"start":{"line":35,"column":2},"end":{"line":39,"column":null}},"16":{"start":{"line":36,"column":18},"end":{"line":36,"column":null}},"17":{"start":{"line":37,"column":4},"end":{"line":37,"column":null}},"18":{"start":{"line":39,"column":4},"end":{"line":39,"column":null}},"19":{"start":{"line":43,"column":0},"end":{"line":49,"column":null}},"20":{"start":{"line":44,"column":2},"end":{"line":47,"column":null}},"21":{"start":{"line":45,"column":4},"end":{"line":45,"column":null}},"22":{"start":{"line":47,"column":4},"end":{"line":47,"column":null}},"23":{"start":{"line":51,"column":0},"end":{"line":57,"column":null}},"24":{"start":{"line":52,"column":2},"end":{"line":55,"column":null}},"25":{"start":{"line":53,"column":4},"end":{"line":53,"column":null}},"26":{"start":{"line":55,"column":4},"end":{"line":55,"column":null}},"27":{"start":{"line":59,"column":0},"end":{"line":65,"column":null}},"28":{"start":{"line":60,"column":2},"end":{"line":63,"column":null}},"29":{"start":{"line":61,"column":4},"end":{"line":61,"column":null}},"30":{"start":{"line":63,"column":4},"end":{"line":63,"column":null}},"31":{"start":{"line":67,"column":0},"end":{"line":73,"column":null}},"32":{"start":{"line":68,"column":2},"end":{"line":71,"column":null}},"33":{"start":{"line":69,"column":4},"end":{"line":69,"column":null}},"34":{"start":{"line":71,"column":4},"end":{"line":71,"column":null}},"35":{"start":{"line":78,"column":0},"end":{"line":93,"column":null}},"36":{"start":{"line":79,"column":2},"end":{"line":91,"column":null}},"37":{"start":{"line":80,"column":19},"end":{"line":80,"column":101}},"38":{"start":{"line":82,"column":4},"end":{"line":82,"column":null}},"39":{"start":{"line":83,"column":21},"end":{"line":83,"column":52}},"40":{"start":{"line":84,"column":4},"end":{"line":89,"column":null}},"41":{"start":{"line":91,"column":4},"end":{"line":91,"column":null}},"42":{"start":{"line":95,"column":0},"end":{"line":101,"column":null}},"43":{"start":{"line":96,"column":2},"end":{"line":99,"column":null}},"44":{"start":{"line":97,"column":4},"end":{"line":97,"column":null}},"45":{"start":{"line":99,"column":4},"end":{"line":99,"column":null}},"46":{"start":{"line":103,"column":0},"end":{"line":109,"column":null}},"47":{"start":{"line":104,"column":2},"end":{"line":107,"column":null}},"48":{"start":{"line":105,"column":4},"end":{"line":105,"column":null}},"49":{"start":{"line":107,"column":4},"end":{"line":107,"column":null}}},"fnMap":{"0":{"name":"ok","decl":{"start":{"line":6,"column":9},"end":{"line":6,"column":12}},"loc":{"start":{"line":6,"column":37},"end":{"line":7,"column":null}},"line":6},"1":{"name":"fail","decl":{"start":{"line":10,"column":9},"end":{"line":10,"column":14}},"loc":{"start":{"line":10,"column":34},"end":{"line":14,"column":null}},"line":10},"2":{"name":"(anonymous_2)","decl":{"start":{"line":17,"column":24},"end":{"line":17,"column":31}},"loc":{"start":{"line":17,"column":45},"end":{"line":23,"column":null}},"line":17},"3":{"name":"(anonymous_3)","decl":{"start":{"line":25,"column":29},"end":{"line":25,"column":36}},"loc":{"start":{"line":25,"column":49},"end":{"line":32,"column":null}},"line":25},"4":{"name":"(anonymous_4)","decl":{"start":{"line":34,"column":34},"end":{"line":34,"column":41}},"loc":{"start":{"line":34,"column":54},"end":{"line":41,"column":null}},"line":34},"5":{"name":"(anonymous_5)","decl":{"start":{"line":43,"column":25},"end":{"line":43,"column":32}},"loc":{"start":{"line":43,"column":46},"end":{"line":49,"column":null}},"line":43},"6":{"name":"(anonymous_6)","decl":{"start":{"line":51,"column":23},"end":{"line":51,"column":30}},"loc":{"start":{"line":51,"column":43},"end":{"line":57,"column":null}},"line":51},"7":{"name":"(anonymous_7)","decl":{"start":{"line":59,"column":22},"end":{"line":59,"column":29}},"loc":{"start":{"line":59,"column":43},"end":{"line":65,"column":null}},"line":59},"8":{"name":"(anonymous_8)","decl":{"start":{"line":67,"column":21},"end":{"line":67,"column":28}},"loc":{"start":{"line":67,"column":42},"end":{"line":73,"column":null}},"line":67},"9":{"name":"(anonymous_9)","decl":{"start":{"line":78,"column":21},"end":{"line":78,"column":28}},"loc":{"start":{"line":78,"column":41},"end":{"line":93,"column":null}},"line":78},"10":{"name":"(anonymous_10)","decl":{"start":{"line":95,"column":25},"end":{"line":95,"column":32}},"loc":{"start":{"line":95,"column":46},"end":{"line":101,"column":null}},"line":95},"11":{"name":"(anonymous_11)","decl":{"start":{"line":103,"column":22},"end":{"line":103,"column":29}},"loc":{"start":{"line":103,"column":43},"end":{"line":109,"column":null}},"line":103}},"branchMap":{"0":{"loc":{"start":{"line":11,"column":25},"end":{"line":11,"column":58}},"type":"binary-expr","locations":[{"start":{"line":11,"column":25},"end":{"line":11,"column":41}},{"start":{"line":11,"column":41},"end":{"line":11,"column":48}},{"start":{"line":11,"column":48},"end":{"line":11,"column":58}}],"line":11},"1":{"loc":{"start":{"line":27,"column":18},"end":{"line":27,"column":null}},"type":"binary-expr","locations":[{"start":{"line":27,"column":18},"end":{"line":27,"column":53}},{"start":{"line":27,"column":57},"end":{"line":27,"column":null}}],"line":27},"2":{"loc":{"start":{"line":36,"column":18},"end":{"line":36,"column":null}},"type":"binary-expr","locations":[{"start":{"line":36,"column":18},"end":{"line":36,"column":53}},{"start":{"line":36,"column":57},"end":{"line":36,"column":null}}],"line":36},"3":{"loc":{"start":{"line":53,"column":45},"end":{"line":53,"column":59}},"type":"binary-expr","locations":[{"start":{"line":53,"column":45},"end":{"line":53,"column":57}},{"start":{"line":53,"column":57},"end":{"line":53,"column":59}}],"line":53},"4":{"loc":{"start":{"line":80,"column":27},"end":{"line":80,"column":87}},"type":"binary-expr","locations":[{"start":{"line":80,"column":27},"end":{"line":80,"column":55}},{"start":{"line":80,"column":55},"end":{"line":80,"column":87}}],"line":80}},"s":{"0":0,"1":0,"2":0,"3":0,"4":0,"5":0,"6":0,"7":0,"8":0,"9":0,"10":0,"11":0,"12":0,"13":0,"14":0,"15":0,"16":0,"17":0,"18":0,"19":0,"20":0,"21":0,"22":0,"23":0,"24":0,"25":0,"26":0,"27":0,"28":0,"29":0,"30":0,"31":0,"32":0,"33":0,"34":0,"35":0,"36":0,"37":0,"38":0,"39":0,"40":0,"41":0,"42":0,"43":0,"44":0,"45":0,"46":0,"47":0,"48":0,"49":0},"f":{"0":0,"1":0,"2":0,"3":0,"4":0,"5":0,"6":0,"7":0,"8":0,"9":0,"10":0,"11":0},"b":{"0":[0,0,0],"1":[0,0],"2":[0,0],"3":[0,0],"4":[0,0]},"meta":{"lastBranch":5,"lastFunction":12,"lastStatement":50,"seen":{"s:4:6:4:23":0,"f:6:9:6:12":0,"s:7:2:7:Infinity":1,"f:10:9:10:14":1,"s:11:18:11:58":2,"b:11:25:11:41:11:41:11:48:11:48:11:58":0,"s:13:2:13:Infinity":3,"s:14:2:14:Infinity":4,"s:17:0:23:Infinity":5,"f:17:24:17:31":2,"s:18:2:21:Infinity":6,"s:19:4:19:Infinity":7,"s:21:4:21:Infinity":8,"s:25:0:32:Infinity":9,"f:25:29:25:36":3,"s:26:2:30:Infinity":10,"s:27:18:27:Infinity":11,"b:27:18:27:53:27:57:27:Infinity":1,"s:28:4:28:Infinity":12,"s:30:4:30:Infinity":13,"s:34:0:41:Infinity":14,"f:34:34:34:41":4,"s:35:2:39:Infinity":15,"s:36:18:36:Infinity":16,"b:36:18:36:53:36:57:36:Infinity":2,"s:37:4:37:Infinity":17,"s:39:4:39:Infinity":18,"s:43:0:49:Infinity":19,"f:43:25:43:32":5,"s:44:2:47:Infinity":20,"s:45:4:45:Infinity":21,"s:47:4:47:Infinity":22,"s:51:0:57:Infinity":23,"f:51:23:51:30":6,"s:52:2:55:Infinity":24,"s:53:4:53:Infinity":25,"b:53:45:53:57:53:57:53:59":3,"s:55:4:55:Infinity":26,"s:59:0:65:Infinity":27,"f:59:22:59:29":7,"s:60:2:63:Infinity":28,"s:61:4:61:Infinity":29,"s:63:4:63:Infinity":30,"s:67:0:73:Infinity":31,"f:67:21:67:28":8,"s:68:2:71:Infinity":32,"s:69:4:69:Infinity":33,"s:71:4:71:Infinity":34,"s:78:0:93:Infinity":35,"f:78:21:78:28":9,"s:79:2:91:Infinity":36,"s:80:19:80:101":37,"b:80:27:80:55:80:55:80:87":4,"s:82:4:82:Infinity":38,"s:83:21:83:52":39,"s:84:4:89:Infinity":40,"s:91:4:91:Infinity":41,"s:95:0:101:Infinity":42,"f:95:25:95:32":10,"s:96:2:99:Infinity":43,"s:97:4:97:Infinity":44,"s:99:4:99:Infinity":45,"s:103:0:109:Infinity":46,"f:103:22:103:29":11,"s:104:2:107:Infinity":47,"s:105:4:105:Infinity":48,"s:107:4:107:Infinity":49}}}
,"C:\\Users\\JOJO\\AndroidStudioProjects\\PersonalAIBot\\mt5-core-server\\src\\routes\\health.ts": {"path":"C:\\Users\\JOJO\\AndroidStudioProjects\\PersonalAIBot\\mt5-core-server\\src\\routes\\health.ts","statementMap":{"0":{"start":{"line":5,"column":6},"end":{"line":5,"column":23}},"1":{"start":{"line":8,"column":26},"end":{"line":8,"column":null}},"2":{"start":{"line":9,"column":24},"end":{"line":9,"column":null}},"3":{"start":{"line":10,"column":23},"end":{"line":10,"column":null}},"4":{"start":{"line":11,"column":37},"end":{"line":11,"column":null}},"5":{"start":{"line":12,"column":20},"end":{"line":12,"column":null}},"6":{"start":{"line":13,"column":2},"end":{"line":26,"column":null}},"7":{"start":{"line":14,"column":23},"end":{"line":14,"column":44}},"8":{"start":{"line":15,"column":20},"end":{"line":15,"column":62}},"9":{"start":{"line":15,"column":37},"end":{"line":15,"column":55}},"10":{"start":{"line":16,"column":21},"end":{"line":16,"column":95}},"11":{"start":{"line":17,"column":4},"end":{"line":17,"column":null}},"12":{"start":{"line":18,"column":16},"end":{"line":18,"column":37}},"13":{"start":{"line":19,"column":20},"end":{"line":19,"column":33}},"14":{"start":{"line":20,"column":17},"end":{"line":20,"column":null}},"15":{"start":{"line":21,"column":4},"end":{"line":21,"column":null}},"16":{"start":{"line":22,"column":4},"end":{"line":22,"column":null}},"17":{"start":{"line":23,"column":4},"end":{"line":23,"column":null}},"18":{"start":{"line":24,"column":4},"end":{"line":24,"column":null}},"19":{"start":{"line":24,"column":22},"end":{"line":24,"column":null}},"20":{"start":{"line":26,"column":4},"end":{"line":26,"column":null}},"21":{"start":{"line":28,"column":2},"end":{"line":28,"column":null}},"22":{"start":{"line":33,"column":0},"end":{"line":40,"column":null}},"23":{"start":{"line":34,"column":2},"end":{"line":39,"column":null}},"24":{"start":{"line":44,"column":0},"end":{"line":55,"column":null}},"25":{"start":{"line":45,"column":16},"end":{"line":45,"column":35}},"26":{"start":{"line":46,"column":16},"end":{"line":46,"column":null}},"27":{"start":{"line":47,"column":2},"end":{"line":54,"column":null}},"28":{"start":{"line":58,"column":0},"end":{"line":61,"column":null}},"29":{"start":{"line":59,"column":2},"end":{"line":59,"column":null}},"30":{"start":{"line":60,"column":2},"end":{"line":60,"column":null}},"31":{"start":{"line":64,"column":0},"end":{"line":75,"column":null}},"32":{"start":{"line":65,"column":16},"end":{"line":65,"column":35}},"33":{"start":{"line":66,"column":2},"end":{"line":74,"column":null}},"34":{"start":{"line":78,"column":2},"end":{"line":83,"column":null}},"35":{"start":{"line":79,"column":16},"end":{"line":79,"column":31}},"36":{"start":{"line":80,"column":4},"end":{"line":80,"column":null}},"37":{"start":{"line":80,"column":40},"end":{"line":80,"column":null}},"38":{"start":{"line":81,"column":4},"end":{"line":81,"column":null}},"39":{"start":{"line":83,"column":4},"end":{"line":83,"column":null}}},"fnMap":{"0":{"name":"probeBridge","decl":{"start":{"line":7,"column":15},"end":{"line":7,"column":29}},"loc":{"start":{"line":7,"column":29},"end":{"line":28,"column":null}},"line":7},"1":{"name":"(anonymous_1)","decl":{"start":{"line":15,"column":20},"end":{"line":15,"column":37}},"loc":{"start":{"line":15,"column":37},"end":{"line":15,"column":55}},"line":15},"2":{"name":"(anonymous_2)","decl":{"start":{"line":33,"column":11},"end":{"line":33,"column":21}},"loc":{"start":{"line":33,"column":35},"end":{"line":40,"column":null}},"line":33},"3":{"name":"(anonymous_3)","decl":{"start":{"line":44,"column":21},"end":{"line":44,"column":28}},"loc":{"start":{"line":44,"column":42},"end":{"line":55,"column":null}},"line":44},"4":{"name":"(anonymous_4)","decl":{"start":{"line":58,"column":23},"end":{"line":58,"column":30}},"loc":{"start":{"line":58,"column":44},"end":{"line":61,"column":null}},"line":58},"5":{"name":"(anonymous_5)","decl":{"start":{"line":64,"column":16},"end":{"line":64,"column":23}},"loc":{"start":{"line":64,"column":37},"end":{"line":75,"column":null}},"line":64},"6":{"name":"safeJson","decl":{"start":{"line":77,"column":9},"end":{"line":77,"column":18}},"loc":{"start":{"line":77,"column":63},"end":{"line":83,"column":null}},"line":77}},"branchMap":{"0":{"loc":{"start":{"line":20,"column":17},"end":{"line":20,"column":null}},"type":"cond-expr","locations":[{"start":{"line":20,"column":70},"end":{"line":20,"column":113}},{"start":{"line":20,"column":113},"end":{"line":20,"column":null}}],"line":20},"1":{"loc":{"start":{"line":20,"column":17},"end":{"line":20,"column":70}},"type":"binary-expr","locations":[{"start":{"line":20,"column":17},"end":{"line":20,"column":34}},{"start":{"line":20,"column":34},"end":{"line":20,"column":70}}],"line":20},"2":{"loc":{"start":{"line":22,"column":20},"end":{"line":22,"column":null}},"type":"cond-expr","locations":[{"start":{"line":22,"column":36},"end":{"line":22,"column":56}},{"start":{"line":22,"column":59},"end":{"line":22,"column":null}}],"line":22},"3":{"loc":{"start":{"line":24,"column":4},"end":{"line":24,"column":null}},"type":"if","locations":[{"start":{"line":24,"column":4},"end":{"line":24,"column":null}},{"start":{},"end":{}}],"line":24},"4":{"loc":{"start":{"line":24,"column":36},"end":{"line":24,"column":null}},"type":"cond-expr","locations":[{"start":{"line":24,"column":53},"end":{"line":24,"column":74}},{"start":{"line":24,"column":77},"end":{"line":24,"column":null}}],"line":24},"5":{"loc":{"start":{"line":26,"column":25},"end":{"line":26,"column":45}},"type":"binary-expr","locations":[{"start":{"line":26,"column":25},"end":{"line":26,"column":41}},{"start":{"line":26,"column":41},"end":{"line":26,"column":45}}],"line":26},"6":{"loc":{"start":{"line":46,"column":16},"end":{"line":46,"column":null}},"type":"binary-expr","locations":[{"start":{"line":46,"column":16},"end":{"line":46,"column":41}},{"start":{"line":46,"column":41},"end":{"line":46,"column":null}}],"line":46},"7":{"loc":{"start":{"line":47,"column":13},"end":{"line":47,"column":31}},"type":"cond-expr","locations":[{"start":{"line":47,"column":21},"end":{"line":47,"column":27}},{"start":{"line":47,"column":27},"end":{"line":47,"column":31}}],"line":47},"8":{"loc":{"start":{"line":48,"column":12},"end":{"line":48,"column":null}},"type":"cond-expr","locations":[{"start":{"line":48,"column":20},"end":{"line":48,"column":30}},{"start":{"line":48,"column":30},"end":{"line":48,"column":null}}],"line":48},"9":{"loc":{"start":{"line":72,"column":17},"end":{"line":72,"column":null}},"type":"cond-expr","locations":[{"start":{"line":72,"column":41},"end":{"line":72,"column":48}},{"start":{"line":72,"column":48},"end":{"line":72,"column":null}}],"line":72},"10":{"loc":{"start":{"line":72,"column":48},"end":{"line":72,"column":null}},"type":"binary-expr","locations":[{"start":{"line":72,"column":48},"end":{"line":72,"column":69}},{"start":{"line":72,"column":69},"end":{"line":72,"column":null}}],"line":72},"11":{"loc":{"start":{"line":80,"column":4},"end":{"line":80,"column":null}},"type":"if","locations":[{"start":{"line":80,"column":4},"end":{"line":80,"column":null}},{"start":{},"end":{}}],"line":80},"12":{"loc":{"start":{"line":80,"column":8},"end":{"line":80,"column":40}},"type":"binary-expr","locations":[{"start":{"line":80,"column":8},"end":{"line":80,"column":15}},{"start":{"line":80,"column":15},"end":{"line":80,"column":40}}],"line":80}},"s":{"0":0,"1":0,"2":0,"3":0,"4":0,"5":0,"6":0,"7":0,"8":0,"9":0,"10":0,"11":0,"12":0,"13":0,"14":0,"15":0,"16":0,"17":0,"18":0,"19":0,"20":0,"21":0,"22":0,"23":0,"24":0,"25":0,"26":0,"27":0,"28":0,"29":0,"30":0,"31":0,"32":0,"33":0,"34":0,"35":0,"36":0,"37":0,"38":0,"39":0},"f":{"0":0,"1":0,"2":0,"3":0,"4":0,"5":0,"6":0},"b":{"0":[0,0],"1":[0,0],"2":[0,0],"3":[0,0],"4":[0,0],"5":[0,0],"6":[0,0],"7":[0,0],"8":[0,0],"9":[0,0],"10":[0,0],"11":[0,0],"12":[0,0]},"meta":{"lastBranch":13,"lastFunction":7,"lastStatement":40,"seen":{"s:5:6:5:23":0,"f:7:15:7:29":0,"s:8:26:8:Infinity":1,"s:9:24:9:Infinity":2,"s:10:23:10:Infinity":3,"s:11:37:11:Infinity":4,"s:12:20:12:Infinity":5,"s:13:2:26:Infinity":6,"s:14:23:14:44":7,"s:15:20:15:62":8,"f:15:20:15:37":1,"s:15:37:15:55":9,"s:16:21:16:95":10,"s:17:4:17:Infinity":11,"s:18:16:18:37":12,"s:19:20:19:33":13,"s:20:17:20:Infinity":14,"b:20:70:20:113:20:113:20:Infinity":0,"b:20:17:20:34:20:34:20:70":1,"s:21:4:21:Infinity":15,"s:22:4:22:Infinity":16,"b:22:36:22:56:22:59:22:Infinity":2,"s:23:4:23:Infinity":17,"b:24:4:24:Infinity:undefined:undefined:undefined:undefined":3,"s:24:4:24:Infinity":18,"s:24:22:24:Infinity":19,"b:24:53:24:74:24:77:24:Infinity":4,"s:26:4:26:Infinity":20,"b:26:25:26:41:26:41:26:45":5,"s:28:2:28:Infinity":21,"s:33:0:40:Infinity":22,"f:33:11:33:21":2,"s:34:2:39:Infinity":23,"s:44:0:55:Infinity":24,"f:44:21:44:28":3,"s:45:16:45:35":25,"s:46:16:46:Infinity":26,"b:46:16:46:41:46:41:46:Infinity":6,"s:47:2:54:Infinity":27,"b:47:21:47:27:47:27:47:31":7,"b:48:20:48:30:48:30:48:Infinity":8,"s:58:0:61:Infinity":28,"f:58:23:58:30":4,"s:59:2:59:Infinity":29,"s:60:2:60:Infinity":30,"s:64:0:75:Infinity":31,"f:64:16:64:23":5,"s:65:16:65:35":32,"s:66:2:74:Infinity":33,"b:72:41:72:48:72:48:72:Infinity":9,"b:72:48:72:69:72:69:72:Infinity":10,"f:77:9:77:18":6,"s:78:2:83:Infinity":34,"s:79:16:79:31":35,"b:80:4:80:Infinity:undefined:undefined:undefined:undefined":11,"s:80:4:80:Infinity":36,"b:80:8:80:15:80:15:80:40":12,"s:80:40:80:Infinity":37,"s:81:4:81:Infinity":38,"s:83:4:83:Infinity":39}}}
[...]
c":{"start":{"line":240,"column":4},"end":{"line":240,"column":null}},"type":"if","locations":[{"start":{"line":240,"column":4},"end":{"line":240,"column":null}},{"start":{},"end":{}}],"line":240},"44":{"loc":{"start":{"line":240,"column":8},"end":{"line":240,"column":46}},"type":"binary-expr","locations":[{"start":{"line":240,"column":8},"end":{"line":240,"column":27}},{"start":{"line":240,"column":31},"end":{"line":240,"column":46}}],"line":240},"45":{"loc":{"start":{"line":242,"column":17},"end":{"line":242,"column":null}},"type":"cond-expr","locations":[{"start":{"line":242,"column":82},"end":{"line":242,"column":101}},{"start":{"line":242,"column":104},"end":{"line":242,"column":null}}],"line":242},"46":{"loc":{"start":{"line":242,"column":17},"end":{"line":242,"column":82}},"type":"binary-expr","locations":[{"start":{"line":242,"column":17},"end":{"line":242,"column":39}},{"start":{"line":242,"column":39},"end":{"line":242,"column":66}},{"start":{"line":242,"column":66},"end":{"line":242,"column":82}}],"line":242},"47":{"loc":{"start":{"line":243,"column":4},"end":{"line":243,"column":null}},"type":"if","locations":[{"start":{"line":243,"column":4},"end":{"line":243,"column":null}},{"start":{},"end":{}}],"line":243},"48":{"loc":{"start":{"line":243,"column":8},"end":{"line":243,"column":42}},"type":"binary-expr","locations":[{"start":{"line":243,"column":8},"end":{"line":243,"column":25}},{"start":{"line":243,"column":29},"end":{"line":243,"column":42}}],"line":243},"49":{"loc":{"start":{"line":244,"column":4},"end":{"line":244,"column":null}},"type":"if","locations":[{"start":{"line":244,"column":4},"end":{"line":244,"column":null}},{"start":{},"end":{}}],"line":244},"50":{"loc":{"start":{"line":246,"column":4},"end":{"line":250,"column":null}},"type":"if","locations":[{"start":{"line":246,"column":4},"end":{"line":250,"column":null}},{"start":{},"end":{}}],"line":246},"51":{"loc":{"start":{"line":247,"column":6},"end":{"line":250,"column":null}},"type":"if","locations":[{"start":{"line":247,"column":6},"end":{"line":250,"column":null}},{"start":{"line":249,"column":13},"end":{"line":250,"column":null}}],"line":247},"52":{"loc":{"start":{"line":254,"column":4},"end":{"line":254,"column":null}},"type":"if","locations":[{"start":{"line":254,"column":4},"end":{"line":254,"column":null}},{"start":{},"end":{}}],"line":254},"53":{"loc":{"start":{"line":254,"column":8},"end":{"line":254,"column":42}},"type":"binary-expr","locations":[{"start":{"line":254,"column":8},"end":{"line":254,"column":25}},{"start":{"line":254,"column":29},"end":{"line":254,"column":42}}],"line":254},"54":{"loc":{"start":{"line":261,"column":4},"end":{"line":263,"column":null}},"type":"if","locations":[{"start":{"line":261,"column":4},"end":{"line":263,"column":null}},{"start":{},"end":{}}],"line":261},"55":{"loc":{"start":{"line":261,"column":8},"end":{"line":261,"column":34}},"type":"binary-expr","locations":[{"start":{"line":261,"column":8},"end":{"line":261,"column":20}},{"start":{"line":261,"column":20},"end":{"line":261,"column":34}}],"line":261},"56":{"loc":{"start":{"line":262,"column":14},"end":{"line":262,"column":null}},"type":"binary-expr","locations":[{"start":{"line":262,"column":14},"end":{"line":262,"column":97}},{"start":{"line":262,"column":101},"end":{"line":262,"column":null}}],"line":262},"57":{"loc":{"start":{"line":262,"column":22},"end":{"line":262,"column":54}},"type":"binary-expr","locations":[{"start":{"line":262,"column":22},"end":{"line":262,"column":52}},{"start":{"line":262,"column":52},"end":{"line":262,"column":54}}],"line":262},"58":{"loc":{"start":{"line":267,"column":48},"end":{"line":267,"column":84}},"type":"binary-expr","locations":[{"start":{"line":267,"column":48},"end":{"line":267,"column":82}},{"start":{"line":267,"column":82},"end":{"line":267,"column":84}}],"line":267},"59":{"loc":{"start":{"line":268,"column":16},"end":{"line":268,"column":null}},"type":"cond-expr","locations":[{"start":{"line":268,"column":35},"end":{"line":268,"column":75}},{"start":{"line":268,"column":75},"end":{"line":268,"column":null}}],"line":268},"60":{"loc":{"start":{"line":271,"column":36},"end":{"line":271,"column":53}},"type":"binary-expr","locations":[{"start":{"line":271,"column":36},"end":{"line":271,"column":47}},{"start":{"line":271,"column":47},"end":{"line":271,"column":53}}],"line":271},"61":{"loc":{"start":{"line":277,"column":4},"end":{"line":277,"column":null}},"type":"if","locations":[{"start":{"line":277,"column":4},"end":{"line":277,"column":null}},{"start":{},"end":{}}],"line":277},"62":{"loc":{"start":{"line":283,"column":11},"end":{"line":283,"column":null}},"type":"binary-expr","locations":[{"start":{"line":283,"column":11},"end":{"line":283,"column":39}},{"start":{"line":283,"column":43},"end":{"line":283,"column":null}}],"line":283},"63":{"loc":{"start":{"line":287,"column":11},"end":{"line":287,"column":null}},"type":"binary-expr","locations":[{"start":{"line":287,"column":11},"end":{"line":287,"column":41}},{"start":{"line":287,"column":45},"end":{"line":287,"column":null}}],"line":287}},"s":{"0":0,"1":0,"2":0,"3":0,"4":0,"5":0,"6":0,"7":0,"8":0,"9":0,"10":0,"11":0,"12":0,"13":0,"14":0,"15":0,"16":0,"17":0,"18":0,"19":0,"20":0,"21":0,"22":0,"23":0,"24":0,"25":0,"26":0,"27":0,"28":0,"29":0,"30":0,"31":0,"32":0,"33":0,"34":0,"35":0,"36":0,"37":0,"38":0,"39":0,"40":0,"41":0,"42":0,"43":0,"44":0,"45":0,"46":0,"47":0,"48":0,"49":0,"50":0,"51":0,"52":0,"53":0,"54":0,"55":0,"56":0,"57":0,"58":0,"59":0,"60":0,"61":0,"62":0,"63":0,"64":0,"65":0,"66":0,"67":0,"68":0,"69":0,"70":0,"71":0,"72":0,"73":0,"74":0,"75":0,"76":0,"77":0,"78":0,"79":0,"80":0,"81":0,"82":0,"83":0,"84":0,"85":0,"86":0,"87":0,"88":0,"89":0,"90":0,"91":0,"92":0,"93":0,"94":0,"95":0,"96":0,"97":0,"98":0,"99":0,"100":0,"101":0,"102":0,"103":0,"104":0,"105":0,"106":0,"107":0,"108":0,"109":0,"110":0,"111":0,"112":0,"113":0,"114":0,"115":0,"116":0,"117":0,"118":0,"119":0,"120":0},"f":{"0":0,"1":0,"2":0,"3":0,"4":0,"5":0,"6":0,"7":0,"8":0,"9":0,"10":0,"11":0},"b":{"0":[0,0],"1":[0,0],"2":[0,0],"3":[0,0,0,0,0,0],"4":[0,0],"5":[0,0],"6":[0,0],"7":[0,0],"8":[0,0],"9":[0,0],"10":[0,0],"11":[0,0,0,0],"12":[0,0],"13":[0,0],"14":[0,0],"15":[0,0],"16":[0,0],"17":[0,0],"18":[0,0],"19":[0,0],"20":[0,0],"21":[0,0],"22":[0,0,0],"23":[0,0],"24":[0,0],"25":[0,0],"26":[0,0],"27":[0,0],"28":[0,0],"29":[0,0],"30":[0,0],"31":[0,0],"32":[0,0],"33":[0,0],"34":[0,0],"35":[0,0],"36":[0,0],"37":[0,0],"38":[0,0],"39":[0,0],"40":[0,0],"41":[0,0],"42":[0,0],"43":[0,0],"44":[0,0],"45":[0,0],"46":[0,0,0],"47":[0,0],"48":[0,0],"49":[0,0],"50":[0,0],"51":[0,0],"52":[0,0],"53":[0,0],"54":[0,0],"55":[0,0],"56":[0,0],"57":[0,0],"58":[0,0],"59":[0,0],"60":[0,0],"61":[0,0],"62":[0,0],"63":[0,0]},"meta":{"lastBranch":64,"lastFunction":12,"lastStatement":121,"seen":{"s:27:45:27:54":0,"s:28:47:28:56":1,"f:30:15:30:Infinity":0,"b:41:4:42:Infinity:undefined:undefined:undefined:undefined":0,"s:41:4:42:Infinity":2,"s:42:6:42:Infinity":3,"b:45:4:51:Infinity:undefined:undefined:undefined:undefined":1,"s:45:4:51:Infinity":4,"s:46:6:51:Infinity":5,"s:54:4:203:Infinity":6,"b:55:6:91:Infinity:undefined:undefined:undefined:undefined":2,"s:55:6:91:Infinity":7,"b:55:11:55:36:55:36:55:65:55:65:55:78:55:78:55:93:55:93:55:108:55:108:55:121":3,"s:56:29:64:Infinity":8,"s:65:23:68:10":9,"s:69:23:69:54":10,"s:70:25:70:98":11,"b:70:25:70:44:70:44:70:98":4,"b:72:8:74:Infinity:undefined:undefined:undefined:undefined":5,"s:72:8:74:Infinity":12,"s:73:27:73:Infinity":13,"b:73:51:73:70:73:70:73:Infinity":6,"s:74:10:74:Infinity":14,"s:76:23:76:Infinity":15,"b:77:8:84:Infinity:undefined:undefined:undefined:undefined":7,"s:77:8:84:Infinity":16,"b:77:12:77:24:77:24:77:62":8,"s:78:10:84:Infinity":17,"s:86:8:91:Infinity":18,"b:88:31:88:40:88:40:88:Infinity":9,"b:94:6:140:Infinity:undefined:undefined:undefined:undefined":10,"s:94:6:140:Infinity":19,"b:94:11:94:37:94:37:94:62:94:62:94:96:94:96:94:109":11,"s:95:30:95:52":20,"s:96:31:96:82":21,"f:96:45:96:51":1,"s:96:57:96:82":22,"b:97:8:102:Infinity:undefined:undefined:undefined:undefined":12,"s:97:8:102:Infinity":23,"s:98:10:102:Infinity":24,"s:104:28:104:121":25,"b:104:54:104:74:104:74:104:80":13,"b:105:8:110:Infinity:undefined:undefined:undefined:undefined":14,"s:105:8:110:Infinity":26,"b:105:12:105:36:105:36:105:54":15,"s:106:10:110:Infinity":27,"s:112:29:116:Infinity":28,"s:117:23:120:10":29,"s:121:25:121:79":30,"b:123:8:130:Infinity:undefined:undefined:undefined:undefined":16,"s:123:8:130:Infinity":31,"b:123:12:123:24:123:24:123:55":17,"s:124:28:124:78":32,"f:124:40:124:45":2,"s:124:50:124:78":33,"b:125:12:130:Infinity:undefined:undefined:undefined:undefined":18,"s:125:12:130:Infinity":34,"s:126:16:130:Infinity":35,"b:128:33:128:53:128:53:128:56":19,"s:134:8:140:Infinity":36,"b:137:14:137:Infinity:138:14:138:Infinity":20,"b:144:6:195:Infinity:undefined:undefined:undefined:undefined":21,"s:144:6:195:Infinity":37,"b:144:11:144:40:144:40:144:66:144:66:144:79":22,"s:145:30:145:52":38,"s:146:31:146:82":39,"f:146:45:146:51":3,"s:146:57:146:82":40,"s:147:24:147:74":41,"f:147:36:147:41":4,"s:147:46:147:74":42,"b:149:8:150:Infinity:undefined:undefined:undefined:undefined":23,"s:149:8:150:Infinity":43,"b:149:12:149:31:149:31:149:41":24,"s:150:10:150:Infinity":44,"s:153:20:153:Infinity":45,"b:154:8:159:Infinity:158:19:159:Infinity":25,"s:154:8:159:Infinity":46,"s:155:26:155:Infinity":47,"s:156:27:156:Infinity":48,"s:157:12:157:Infinity":49,"b:157:52:157:69:157:69:157:Infinity":26,"b:158:19:159:Infinity:undefined:undefined:undefined:undefined":27,"s:158:19:159:Infinity":50,"b:158:19:158:44:158:44:158:57":28,"s:159:12:159:Infinity":51,"s:163:26:163:Infinity":52,"b:164:8:165:Infinity:undefined:undefined:undefined:undefined":29,"s:164:8:165:Infinity":53,"s:165:13:165:Infinity":54,"s:168:30:173:Infinity":55,"s:175:23:178:10":56,"s:180:25:180:79":57,"b:181:8:188:Infinity:undefined:undefined:undefined:undefined":30,"s:181:8:188:Infinity":58,"b:181:12:181:24:181:24:181:62":31,"s:182:13:188:Infinity":59,"s:191:8:195:Infinity":60,"b:193:31:193:101:193:101:193:Infinity":32,"s:198:6:203:Infinity":61,"b:200:62:200:78:200:78:200:82":33,"s:206:4:206:Infinity":62,"f:209:2:209:9":5,"s:210:50:210:52":63,"s:211:10:211:32":64,"s:212:4:212:Infinity":65,"s:213:10:213:44":66,"b:214:4:214:Infinity:undefined:undefined:undefined:undefined":34,"s:214:4:214:Infinity":67,"s:214:23:214:Infinity":68,"s:215:4:217:Infinity":69,"s:216:12:216:49":70,"b:217:6:217:Infinity:undefined:undefined:undefined:undefined":35,"s:217:6:217:Infinity":71,"s:217:38:217:Infinity":72,"s:220:23:220:Infinity":73,"s:221:4:224:Infinity":74,"s:222:6:224:Infinity":75,"s:223:14:223:50":76,"b:224:8:224:Infinity:undefined:undefined:undefined:undefined":36,"s:224:8:224:Infinity":77,"s:224:19:224:Infinity":78,"s:228:17:228:44":79,"b:228:32:228:41:228:41:228:44":37,"s:229:18:229:88":80,"s:230:19:230:Infinity":81,"b:230:27:230:43:230:46:230:Infinity":38,"s:231:4:231:Infinity":82,"b:231:51:231:60:231:60:231:Infinity":39,"b:231:11:231:34:231:38:231:51":40,"f:234:2:234:9":6,"s:235:17:235:64":83,"b:235:26:235:52:235:52:235:58":41,"s:236:19:236:61":84,"b:236:28:236:50:236:50:236:56":42,"s:237:10:237:80":85,"f:237:10:237:22":7,"s:237:22:237:80":86,"s:239:21:239:45":87,"b:240:4:240:Infinity:undefined:undefined:undefined:undefined":43,"s:240:4:240:Infinity":88,"b:240:8:240:27:240:31:240:46":44,"s:240:46:240:Infinity":89,"s:242:17:242:Infinity":90,"b:242:82:242:101:242:104:242:Infinity":45,"b:242:17:242:39:242:39:242:66:242:66:242:82":46,"b:243:4:243:Infinity:undefined:undefined:undefined:undefined":47,"s:243:4:243:Infinity":91,"b:243:8:243:25:243:29:243:42":48,"s:243:42:243:Infinity":92,"b:244:4:244:Infinity:undefined:undefined:undefined:undefined":49,"s:244:4:244:Infinity":93,"s:244:27:244:Infinity":94,"b:246:4:250:Infinity:undefined:undefined:undefined:undefined":50,"s:246:4:250:Infinity":95,"b:247:6:250:Infinity:249:13:250:Infinity":51,"s:247:6:250:Infinity":96,"s:248:8:248:Infinity":97,"s:250:8:250:Infinity":98,"b:254:4:254:Infinity:undefined:undefined:undefined:undefined":52,"s:254:4:254:Infinity":99,"b:254:8:254:25:254:29:254:42":53,"s:254:42:254:Infinity":100,"s:255:4:255:Infinity":101,"f:258:2:258:9":8,"s:260:18:260:Infinity":102,"b:261:4:263:Infinity:undefined:undefined:undefined:undefined":54,"s:261:4:263:Infinity":103,"b:261:8:261:20:261:20:261:34":55,"s:262:14:262:Infinity":104,"b:262:14:262:97:262:101:262:Infinity":56,"b:262:22:262:52:262:52:262:54":57,"f:262:56:262:62":9,"s:262:73:262:97":105,"s:263:8:263:Infinity":106,"s:266:21:266:Infinity":107,"s:267:10:267:85":108,"b:267:48:267:82:267:82:267:84":58,"s:268:16:268:Infinity":109,"b:268:35:268:75:268:75:268:Infinity":59,"s:269:17:269:Infinity":110,"s:270:20:270:Infinity":111,"s:271:10:271:93":112,"b:271:36:271:47:271:47:271:53":60,"s:274:27:274:62":113,"s:275:23:275:74":114,"b:277:4:277:Infinity:undefined:undefined:undefined:undefined":61,"s:277:4:277:Infinity":115,"s:277:25:277:Infinity":116,"s:279:4:279:Infinity":117,"f:282:2:282:9":10,"s:283:4:283:Infinity":118,"b:283:11:283:39:283:43:283:Infinity":62,"f:286:2:286:9":11,"s:287:4:287:Infinity":119,"b:287:11:287:41:287:45:287:Infinity":63,"s:291:39:291:68":120}}}
,"C:\\Users\\JOJO\\AndroidStudioProjects\\PersonalAIBot\\mt5-core-server\\src\\services\\auto\\risk\\circuitBreaker.ts": {"path":"C:\\Users\\JOJO\\AndroidStudioProjects\\PersonalAIBot\\mt5-core-server\\src\\services\\auto\\risk\\circuitBreaker.ts","statementMap":{"0":{"start":{"line":14,"column":24},"end":{"line":14,"column":null}},"1":{"start":{"line":15,"column":23},"end":{"line":15,"column":null}},"2":{"start":{"line":16,"column":26},"end":{"line":16,"column":null}},"3":{"start":{"line":18,"column":29},"end":{"line":18,"column":null}},"4":{"start":{"line":19,"column":33},"end":{"line":19,"column":null}},"5":{"start":{"line":22,"column":25},"end":{"line":22,"column":null}},"6":{"start":{"line":23,"column":8},"end":{"line":28,"column":null}},"7":{"start":{"line":24,"column":12},"end":{"line":28,"column":null}},"8":{"start":{"line":32,"column":22},"end":{"line":32,"column":null}},"9":{"start":{"line":33,"column":8},"end":{"line":38,"column":null}},"10":{"start":{"line":34,"column":12},"end":{"line":38,"column":null}},"11":{"start":{"line":41,"column":8},"end":{"line":41,"column":null}}},"fnMap":{"0":{"name":"(anonymous_0)","decl":{"start":{"line":13,"column":18},"end":{"line":13,"column":24}},"loc":{"start":{"line":13,"column":150},"end":{"line":41,"column":null}},"line":13}},"branchMap":{"0":{"loc":{"start":{"line":18,"column":29},"end":{"line":18,"column":null}},"type":"cond-expr","locations":[{"start":{"line":18,"column":44},"end":{"line":18,"column":96}},{"start":{"line":18,"column":96},"end":{"line":18,"column":null}}],"line":18},"1":{"loc":{"start":{"line":19,"column":33},"end":{"line":19,"column":null}},"type":"cond-expr","locations":[{"start":{"line":19,"column":43},"end":{"line":19,"column":86}},{"start":{"line":19,"column":86},"end":{"line":19,"column":null}}],"line":19},"2":{"loc":{"start":{"line":22,"column":25},"end":{"line":22,"column":null}},"type":"binary-expr","locations":[{"start":{"line":22,"column":25},"end":{"line":22,"column":56}},{"start":{"line":22,"column":56},"end":{"line":22,"column":null}}],"line":22},"3":{"loc":{"start":{"line":23,"column":8},"end":{"line":28,"column":null}},"type":"if","locations":[{"start":{"line":23,"column":8},"end":{"line":28,"column":null}},{"start":{},"end":{}}],"line":23},"4":{"loc":{"start":{"line":32,"column":22},"end":{"line":32,"column":null}},"type":"binary-expr","locations":[{"start":{"line":32,"column":22},"end":{"line":32,"column":52}},{"start":{"line":32,"column":52},"end":{"line":32,"column":null}}],"line":32},"5":{"loc":{"start":{"line":33,"column":8},"end":{"line":38,"column":null}},"type":"if","locations":[{"start":{"line":33,"column":8},"end":{"line":38,"column":null}},{"start":{},"end":{}}],"line":33}},"s":{"0":6,"1":6,"2":6,"3":6,"4":6,"5":6,"6":6,"7":1,"8":5,"9":6,"10":1,"11":4},"f":{"0":1},"b":{"0":[6,0],"1":[6,0],"2":[6,0],"3":[1,5],"4":[5,0],"5":[1,5]},"meta":{"lastBranch":6,"lastFunction":1,"lastStatement":12,"seen":{"f:13:18:13:24":0,"s:14:24:14:Infinity":0,"s:15:23:15:Infinity":1,"s:16:26:16:Infinity":2,"s:18:29:18:Infinity":3,"b:18:44:18:96:18:96:18:Infinity":0,"s:19:33:19:Infinity":4,"b:19:43:19:86:19:86:19:Infinity":1,"s:22:25:22:Infinity":5,"b:22:25:22:56:22:56:22:Infinity":2,"b:23:8:28:Infinity:undefined:undefined:undefined:undefined":3,"s:23:8:28:Infinity":6,"s:24:12:28:Infinity":7,"s:32:22:32:Infinity":8,"b:32:22:32:52:32:52:32:Infinity":4,"b:33:8:38:Infinity:undefined:undefined:undefined:undefined":5,"s:33:8:38:Infinity":9,"s:34:12:38:Infinity":10,"s:41:8:41:Infinity":11}}}
,"C:\\Users\\JOJO\\AndroidStudioProjects\\PersonalAIBot\\mt5-core-server\\src\\services\\auto\\risk\\kelly.ts": {"path":"C:\\Users\\JOJO\\AndroidStudioProjects\\PersonalAIBot\\mt5-core-server\\src\\services\\auto\\risk\\kelly.ts","statementMap":{"0":{"start":{"line":16,"column":8},"end":{"line":16,"column":null}},"1":{"start":{"line":16,"column":38},"end":{"line":16,"column":null}},"2":{"start":{"line":18,"column":18},"end":{"line":18,"column":null}},"3":{"start":{"line":19,"column":18},"end":{"line":19,"column":null}},"4":{"start":{"line":21,"column":8},"end":{"line":21,"column":null}},"5":{"start":{"line":21,"column":20},"end":{"line":21,"column":null}},"6":{"start":{"line":25,"column":18},"end":{"line":25,"column":null}},"7":{"start":{"line":28,"column":26},"end":{"line":28,"column":null}},"8":{"start":{"line":31,"column":24},"end":{"line":31,"column":67}},"9":{"start":{"line":33,"column":8},"end":{"line":33,"column":null}}},"fnMap":{"0":{"name":"(anonymous_0)","decl":{"start":{"line":15,"column":18},"end":{"line":15,"column":34}},"loc":{"start":{"line":15,"column":91},"end":{"line":33,"column":null}},"line":15}},"branchMap":{"0":{"loc":{"start":{"line":16,"column":8},"end":{"line":16,"column":null}},"type":"if","locations":[{"start":{"line":16,"column":8},"end":{"line":16,"column":null}},{"start":{},"end":{}}],"line":16},"1":{"loc":{"start":{"line":16,"column":12},"end":{"line":16,"column":38}},"type":"binary-expr","locations":[{"start":{"line":16,"column":12},"end":{"line":16,"column":21}},{"start":{"line":16,"column":21},"end":{"line":16,"column":38}}],"line":16},"2":{"loc":{"start":{"line":19,"column":18},"end":{"line":19,"column":null}},"type":"cond-expr","locations":[{"start":{"line":19,"column":34},"end":{"line":19,"column":46}},{"start":{"line":19,"column":46},"end":{"line":19,"column":null}}],"line":19},"3":{"loc":{"start":{"line":21,"column":8},"end":{"line":21,"column":null}},"type":"if","locations":[{"start":{"line":21,"column":8},"end":{"line":21,"column":null}},{"start":{},"end":{}}],"line":21},"4":{"loc":{"start":{"line":33,"column":15},"end":{"line":33,"column":null}},"type":"cond-expr","locations":[{"start":{"line":33,"column":50},"end":{"line":33,"column":60}},{"start":{"line":33,"column":60},"end":{"line":33,"column":null}}],"line":33},"5":{"loc":{"start":{"line":33,"column":15},"end":{"line":33,"column":50}},"type":"binary-expr","locations":[{"start":{"line":33,"column":15},"end":{"line":33,"column":32}},{"start":{"line":33,"column":36},"end":{"line":33,"column":50}}],"line":33}},"s":{"0":0,"1":0,"2":0,"3":0,"4":0,"5":0,"6":0,"7":0,"8":0,"9":0},"f":{"0":0},"b":{"0":[0,0],"1":[0,0],"2":[0,0],"3":[0,0],"4":[0,0],"5":[0,0]},"meta":{"lastBranch":6,"lastFunction":1,"lastStatement":10,"seen":{"f:15:18:15:34":0,"b:16:8:16:Infinity:undefined:undefined:undefined:undefined":0,"s:16:8:16:Infinity":0,"b:16:12:16:21:16:21:16:38":1,"s:16:38:16:Infinity":1,"s:18:18:18:Infinity":2,"s:19:18:19:Infinity":3,"b:19:34:19:46:19:46:19:Infinity":2,"b:21:8:21:Infinity:undefined:undefined:undefined:undefined":3,"s:21:8:21:Infinity":4,"s:21:20:21:Infinity":5,"s:25:18:25:Infinity":6,"s:28:26:28:Infinity":7,"s:31:24:31:67":8,"s:33:8:33:Infinity":9,"b:33:50:33:60:33:60:33:Infinity":4,"b:33:15:33:32:33:36:33:50":5}}}
}
